{"C:\\Users\\maury\\OneDrive\\Desktop\\sam\\Backend\\routes\\admin.js": {"path":"C:\\Users\\maury\\OneDrive\\Desktop\\sam\\Backend\\routes\\admin.js","statementMap":{"0":{"start":{"line":1,"column":16},"end":{"line":1,"column":34}},"1":{"start":{"line":2,"column":15},"end":{"line":2,"column":31}},"2":{"start":{"line":3,"column":15},"end":{"line":3,"column":40}},"3":{"start":{"line":4,"column":18},"end":{"line":4,"column":54}},"4":{"start":{"line":7,"column":0},"end":{"line":62,"column":3}},"5":{"start":{"line":8,"column":2},"end":{"line":61,"column":3}},"6":{"start":{"line":9,"column":23},"end":{"line":9,"column":48}},"7":{"start":{"line":10,"column":25},"end":{"line":10,"column":50}},"8":{"start":{"line":11,"column":26},"end":{"line":11,"column":58}},"9":{"start":{"line":14,"column":23},"end":{"line":14,"column":33}},"10":{"start":{"line":15,"column":4},"end":{"line":15,"column":36}},"11":{"start":{"line":16,"column":24},"end":{"line":18,"column":6}},"12":{"start":{"line":21,"column":24},"end":{"line":25,"column":6}},"13":{"start":{"line":27,"column":26},"end":{"line":31,"column":6}},"14":{"start":{"line":34,"column":25},"end":{"line":34,"column":35}},"15":{"start":{"line":35,"column":4},"end":{"line":35,"column":53}},"16":{"start":{"line":37,"column":29},"end":{"line":42,"column":6}},"17":{"start":{"line":44,"column":4},"end":{"line":57,"column":7}},"18":{"start":{"line":59,"column":4},"end":{"line":59,"column":45}},"19":{"start":{"line":60,"column":4},"end":{"line":60,"column":49}},"20":{"start":{"line":65,"column":0},"end":{"line":90,"column":3}},"21":{"start":{"line":66,"column":2},"end":{"line":89,"column":3}},"22":{"start":{"line":67,"column":26},"end":{"line":67,"column":35}},"23":{"start":{"line":68,"column":18},"end":{"line":68,"column":20}},"24":{"start":{"line":70,"column":4},"end":{"line":75,"column":5}},"25":{"start":{"line":71,"column":6},"end":{"line":74,"column":8}},"26":{"start":{"line":76,"column":4},"end":{"line":78,"column":5}},"27":{"start":{"line":77,"column":6},"end":{"line":77,"column":28}},"28":{"start":{"line":80,"column":18},"end":{"line":84,"column":6}},"29":{"start":{"line":85,"column":4},"end":{"line":85,"column":38}},"30":{"start":{"line":87,"column":4},"end":{"line":87,"column":50}},"31":{"start":{"line":88,"column":4},"end":{"line":88,"column":49}},"32":{"start":{"line":92,"column":0},"end":{"line":104,"column":3}},"33":{"start":{"line":93,"column":2},"end":{"line":103,"column":3}},"34":{"start":{"line":94,"column":23},"end":{"line":94,"column":31}},"35":{"start":{"line":95,"column":17},"end":{"line":98,"column":6}},"36":{"start":{"line":99,"column":4},"end":{"line":99,"column":81}},"37":{"start":{"line":101,"column":4},"end":{"line":101,"column":58}},"38":{"start":{"line":102,"column":4},"end":{"line":102,"column":49}},"39":{"start":{"line":107,"column":0},"end":{"line":123,"column":3}},"40":{"start":{"line":108,"column":2},"end":{"line":122,"column":3}},"41":{"start":{"line":109,"column":20},"end":{"line":117,"column":6}},"42":{"start":{"line":118,"column":4},"end":{"line":118,"column":42}},"43":{"start":{"line":120,"column":4},"end":{"line":120,"column":52}},"44":{"start":{"line":121,"column":4},"end":{"line":121,"column":49}},"45":{"start":{"line":125,"column":0},"end":{"line":137,"column":3}},"46":{"start":{"line":126,"column":2},"end":{"line":136,"column":3}},"47":{"start":{"line":127,"column":28},"end":{"line":127,"column":36}},"48":{"start":{"line":128,"column":17},"end":{"line":131,"column":6}},"49":{"start":{"line":132,"column":4},"end":{"line":132,"column":80}},"50":{"start":{"line":134,"column":4},"end":{"line":134,"column":59}},"51":{"start":{"line":135,"column":4},"end":{"line":135,"column":49}},"52":{"start":{"line":139,"column":0},"end":{"line":149,"column":3}},"53":{"start":{"line":140,"column":2},"end":{"line":148,"column":3}},"54":{"start":{"line":141,"column":4},"end":{"line":143,"column":7}},"55":{"start":{"line":144,"column":4},"end":{"line":144,"column":55}},"56":{"start":{"line":146,"column":4},"end":{"line":146,"column":51}},"57":{"start":{"line":147,"column":4},"end":{"line":147,"column":49}},"58":{"start":{"line":152,"column":0},"end":{"line":162,"column":3}},"59":{"start":{"line":153,"column":2},"end":{"line":161,"column":3}},"60":{"start":{"line":154,"column":17},"end":{"line":157,"column":6}},"61":{"start":{"line":158,"column":4},"end":{"line":158,"column":36}},"62":{"start":{"line":160,"column":4},"end":{"line":160,"column":49}},"63":{"start":{"line":164,"column":0},"end":{"line":181,"column":3}},"64":{"start":{"line":165,"column":2},"end":{"line":180,"column":3}},"65":{"start":{"line":166,"column":58},"end":{"line":166,"column":66}},"66":{"start":{"line":167,"column":17},"end":{"line":176,"column":6}},"67":{"start":{"line":177,"column":4},"end":{"line":177,"column":61}},"68":{"start":{"line":179,"column":4},"end":{"line":179,"column":49}},"69":{"start":{"line":183,"column":0},"end":{"line":194,"column":3}},"70":{"start":{"line":184,"column":2},"end":{"line":193,"column":3}},"71":{"start":{"line":185,"column":58},"end":{"line":185,"column":66}},"72":{"start":{"line":186,"column":17},"end":{"line":189,"column":6}},"73":{"start":{"line":190,"column":4},"end":{"line":190,"column":61}},"74":{"start":{"line":192,"column":4},"end":{"line":192,"column":49}},"75":{"start":{"line":196,"column":0},"end":{"line":203,"column":3}},"76":{"start":{"line":197,"column":2},"end":{"line":202,"column":3}},"77":{"start":{"line":198,"column":4},"end":{"line":198,"column":63}},"78":{"start":{"line":199,"column":4},"end":{"line":199,"column":55}},"79":{"start":{"line":201,"column":4},"end":{"line":201,"column":49}},"80":{"start":{"line":206,"column":0},"end":{"line":217,"column":3}},"81":{"start":{"line":207,"column":2},"end":{"line":216,"column":3}},"82":{"start":{"line":208,"column":21},"end":{"line":208,"column":57}},"83":{"start":{"line":209,"column":22},"end":{"line":209,"column":24}},"84":{"start":{"line":210,"column":4},"end":{"line":212,"column":7}},"85":{"start":{"line":211,"column":6},"end":{"line":211,"column":33}},"86":{"start":{"line":213,"column":4},"end":{"line":213,"column":38}},"87":{"start":{"line":215,"column":4},"end":{"line":215,"column":49}},"88":{"start":{"line":219,"column":0},"end":{"line":231,"column":3}},"89":{"start":{"line":220,"column":2},"end":{"line":230,"column":3}},"90":{"start":{"line":221,"column":27},"end":{"line":221,"column":35}},"91":{"start":{"line":222,"column":20},"end":{"line":226,"column":6}},"92":{"start":{"line":227,"column":4},"end":{"line":227,"column":54}},"93":{"start":{"line":229,"column":4},"end":{"line":229,"column":49}},"94":{"start":{"line":236,"column":0},"end":{"line":272,"column":3}},"95":{"start":{"line":237,"column":2},"end":{"line":271,"column":3}},"96":{"start":{"line":238,"column":32},"end":{"line":238,"column":41}},"97":{"start":{"line":240,"column":17},"end":{"line":251,"column":6}},"98":{"start":{"line":254,"column":21},"end":{"line":257,"column":7}},"99":{"start":{"line":255,"column":20},"end":{"line":255,"column":89}},"100":{"start":{"line":256,"column":6},"end":{"line":256,"column":31}},"101":{"start":{"line":260,"column":21},"end":{"line":265,"column":16}},"102":{"start":{"line":262,"column":10},"end":{"line":263,"column":62}},"103":{"start":{"line":267,"column":4},"end":{"line":267,"column":42}},"104":{"start":{"line":269,"column":4},"end":{"line":269,"column":58}},"105":{"start":{"line":270,"column":4},"end":{"line":270,"column":49}},"106":{"start":{"line":275,"column":0},"end":{"line":316,"column":3}},"107":{"start":{"line":276,"column":2},"end":{"line":315,"column":3}},"108":{"start":{"line":277,"column":43},"end":{"line":277,"column":51}},"109":{"start":{"line":278,"column":23},"end":{"line":278,"column":33}},"110":{"start":{"line":280,"column":23},"end":{"line":280,"column":62}},"111":{"start":{"line":281,"column":4},"end":{"line":283,"column":5}},"112":{"start":{"line":282,"column":6},"end":{"line":282,"column":61}},"113":{"start":{"line":285,"column":22},"end":{"line":285,"column":32}},"114":{"start":{"line":286,"column":4},"end":{"line":286,"column":66}},"115":{"start":{"line":288,"column":16},"end":{"line":302,"column":6}},"116":{"start":{"line":305,"column":4},"end":{"line":309,"column":7}},"117":{"start":{"line":311,"column":4},"end":{"line":311,"column":104}},"118":{"start":{"line":313,"column":4},"end":{"line":313,"column":53}},"119":{"start":{"line":314,"column":4},"end":{"line":314,"column":49}},"120":{"start":{"line":319,"column":0},"end":{"line":331,"column":3}},"121":{"start":{"line":320,"column":2},"end":{"line":330,"column":3}},"122":{"start":{"line":321,"column":23},"end":{"line":321,"column":33}},"123":{"start":{"line":322,"column":16},"end":{"line":325,"column":6}},"124":{"start":{"line":326,"column":4},"end":{"line":326,"column":69}},"125":{"start":{"line":328,"column":4},"end":{"line":328,"column":59}},"126":{"start":{"line":329,"column":4},"end":{"line":329,"column":49}},"127":{"start":{"line":334,"column":0},"end":{"line":363,"column":3}},"128":{"start":{"line":335,"column":2},"end":{"line":362,"column":3}},"129":{"start":{"line":336,"column":77},"end":{"line":343,"column":6}},"130":{"start":{"line":346,"column":19},"end":{"line":346,"column":73}},"131":{"start":{"line":347,"column":16},"end":{"line":349,"column":67}},"132":{"start":{"line":351,"column":4},"end":{"line":358,"column":7}},"133":{"start":{"line":360,"column":4},"end":{"line":360,"column":60}},"134":{"start":{"line":361,"column":4},"end":{"line":361,"column":49}},"135":{"start":{"line":366,"column":0},"end":{"line":376,"column":3}},"136":{"start":{"line":367,"column":2},"end":{"line":375,"column":3}},"137":{"start":{"line":368,"column":19},"end":{"line":371,"column":6}},"138":{"start":{"line":372,"column":4},"end":{"line":372,"column":25}},"139":{"start":{"line":374,"column":4},"end":{"line":374,"column":49}},"140":{"start":{"line":382,"column":28},"end":{"line":386,"column":1}},"141":{"start":{"line":389,"column":28},"end":{"line":394,"column":1}},"142":{"start":{"line":397,"column":29},"end":{"line":403,"column":1}},"143":{"start":{"line":407,"column":14},"end":{"line":407,"column":70}},"144":{"start":{"line":408,"column":2},"end":{"line":408,"column":36}},"145":{"start":{"line":412,"column":0},"end":{"line":419,"column":3}},"146":{"start":{"line":413,"column":2},"end":{"line":418,"column":3}},"147":{"start":{"line":414,"column":19},"end":{"line":414,"column":73}},"148":{"start":{"line":415,"column":4},"end":{"line":415,"column":56}},"149":{"start":{"line":417,"column":4},"end":{"line":417,"column":49}},"150":{"start":{"line":422,"column":0},"end":{"line":482,"column":3}},"151":{"start":{"line":423,"column":2},"end":{"line":481,"column":3}},"152":{"start":{"line":424,"column":23},"end":{"line":424,"column":31}},"153":{"start":{"line":425,"column":4},"end":{"line":425,"column":82}},"154":{"start":{"line":425,"column":17},"end":{"line":425,"column":82}},"155":{"start":{"line":428,"column":21},"end":{"line":428,"column":52}},"156":{"start":{"line":429,"column":4},"end":{"line":434,"column":5}},"157":{"start":{"line":430,"column":6},"end":{"line":430,"column":112}},"158":{"start":{"line":430,"column":38},"end":{"line":430,"column":112}},"159":{"start":{"line":431,"column":6},"end":{"line":433,"column":7}},"160":{"start":{"line":432,"column":8},"end":{"line":432,"column":113}},"161":{"start":{"line":439,"column":4},"end":{"line":471,"column":5}},"162":{"start":{"line":440,"column":24},"end":{"line":440,"column":78}},"163":{"start":{"line":441,"column":28},"end":{"line":441,"column":71}},"164":{"start":{"line":442,"column":27},"end":{"line":442,"column":47}},"165":{"start":{"line":443,"column":25},"end":{"line":443,"column":30}},"166":{"start":{"line":445,"column":6},"end":{"line":459,"column":7}},"167":{"start":{"line":446,"column":8},"end":{"line":458,"column":9}},"168":{"start":{"line":447,"column":25},"end":{"line":447,"column":52}},"169":{"start":{"line":448,"column":25},"end":{"line":448,"column":49}},"170":{"start":{"line":449,"column":10},"end":{"line":457,"column":11}},"171":{"start":{"line":451,"column":24},"end":{"line":451,"column":45}},"172":{"start":{"line":452,"column":12},"end":{"line":456,"column":13}},"173":{"start":{"line":453,"column":14},"end":{"line":453,"column":39}},"174":{"start":{"line":454,"column":14},"end":{"line":454,"column":34}},"175":{"start":{"line":455,"column":14},"end":{"line":455,"column":134}},"176":{"start":{"line":461,"column":6},"end":{"line":467,"column":7}},"177":{"start":{"line":462,"column":8},"end":{"line":466,"column":11}},"178":{"start":{"line":470,"column":6},"end":{"line":470,"column":88}},"179":{"start":{"line":473,"column":4},"end":{"line":477,"column":7}},"180":{"start":{"line":478,"column":4},"end":{"line":478,"column":106}},"181":{"start":{"line":480,"column":4},"end":{"line":480,"column":49}},"182":{"start":{"line":485,"column":0},"end":{"line":492,"column":3}},"183":{"start":{"line":486,"column":2},"end":{"line":491,"column":3}},"184":{"start":{"line":487,"column":19},"end":{"line":487,"column":73}},"185":{"start":{"line":488,"column":4},"end":{"line":488,"column":56}},"186":{"start":{"line":490,"column":4},"end":{"line":490,"column":49}},"187":{"start":{"line":495,"column":0},"end":{"line":509,"column":3}},"188":{"start":{"line":496,"column":2},"end":{"line":508,"column":3}},"189":{"start":{"line":497,"column":23},"end":{"line":497,"column":31}},"190":{"start":{"line":498,"column":4},"end":{"line":498,"column":82}},"191":{"start":{"line":498,"column":17},"end":{"line":498,"column":82}},"192":{"start":{"line":500,"column":4},"end":{"line":504,"column":7}},"193":{"start":{"line":505,"column":4},"end":{"line":505,"column":57}},"194":{"start":{"line":507,"column":4},"end":{"line":507,"column":49}},"195":{"start":{"line":512,"column":0},"end":{"line":520,"column":3}},"196":{"start":{"line":513,"column":2},"end":{"line":519,"column":3}},"197":{"start":{"line":514,"column":18},"end":{"line":514,"column":74}},"198":{"start":{"line":515,"column":23},"end":{"line":515,"column":55}},"199":{"start":{"line":516,"column":4},"end":{"line":516,"column":85}},"200":{"start":{"line":518,"column":4},"end":{"line":518,"column":49}},"201":{"start":{"line":523,"column":0},"end":{"line":537,"column":3}},"202":{"start":{"line":524,"column":2},"end":{"line":536,"column":3}},"203":{"start":{"line":525,"column":22},"end":{"line":525,"column":30}},"204":{"start":{"line":526,"column":4},"end":{"line":526,"column":87}},"205":{"start":{"line":526,"column":16},"end":{"line":526,"column":87}},"206":{"start":{"line":528,"column":4},"end":{"line":532,"column":7}},"207":{"start":{"line":533,"column":4},"end":{"line":533,"column":57}},"208":{"start":{"line":535,"column":4},"end":{"line":535,"column":49}},"209":{"start":{"line":540,"column":0},"end":{"line":552,"column":3}},"210":{"start":{"line":541,"column":2},"end":{"line":551,"column":3}},"211":{"start":{"line":542,"column":36},"end":{"line":546,"column":6}},"212":{"start":{"line":547,"column":28},"end":{"line":547,"column":60}},"213":{"start":{"line":548,"column":4},"end":{"line":548,"column":57}},"214":{"start":{"line":550,"column":4},"end":{"line":550,"column":49}},"215":{"start":{"line":555,"column":0},"end":{"line":562,"column":3}},"216":{"start":{"line":556,"column":2},"end":{"line":561,"column":3}},"217":{"start":{"line":557,"column":20},"end":{"line":557,"column":63}},"218":{"start":{"line":558,"column":4},"end":{"line":558,"column":26}},"219":{"start":{"line":560,"column":4},"end":{"line":560,"column":49}},"220":{"start":{"line":565,"column":0},"end":{"line":580,"column":3}},"221":{"start":{"line":566,"column":2},"end":{"line":579,"column":3}},"222":{"start":{"line":567,"column":24},"end":{"line":567,"column":32}},"223":{"start":{"line":568,"column":4},"end":{"line":570,"column":5}},"224":{"start":{"line":569,"column":6},"end":{"line":569,"column":72}},"225":{"start":{"line":571,"column":4},"end":{"line":575,"column":7}},"226":{"start":{"line":576,"column":4},"end":{"line":576,"column":64}},"227":{"start":{"line":578,"column":4},"end":{"line":578,"column":49}},"228":{"start":{"line":582,"column":0},"end":{"line":582,"column":24}}},"fnMap":{"0":{"name":"(anonymous_0)","decl":{"start":{"line":7,"column":21},"end":{"line":7,"column":22}},"loc":{"start":{"line":7,"column":41},"end":{"line":62,"column":1}},"line":7},"1":{"name":"(anonymous_1)","decl":{"start":{"line":65,"column":21},"end":{"line":65,"column":22}},"loc":{"start":{"line":65,"column":41},"end":{"line":90,"column":1}},"line":65},"2":{"name":"(anonymous_2)","decl":{"start":{"line":92,"column":32},"end":{"line":92,"column":33}},"loc":{"start":{"line":92,"column":52},"end":{"line":104,"column":1}},"line":92},"3":{"name":"(anonymous_3)","decl":{"start":{"line":107,"column":23},"end":{"line":107,"column":24}},"loc":{"start":{"line":107,"column":43},"end":{"line":123,"column":1}},"line":107},"4":{"name":"(anonymous_4)","decl":{"start":{"line":125,"column":35},"end":{"line":125,"column":36}},"loc":{"start":{"line":125,"column":55},"end":{"line":137,"column":1}},"line":125},"5":{"name":"(anonymous_5)","decl":{"start":{"line":139,"column":30},"end":{"line":139,"column":31}},"loc":{"start":{"line":139,"column":50},"end":{"line":149,"column":1}},"line":139},"6":{"name":"(anonymous_6)","decl":{"start":{"line":152,"column":20},"end":{"line":152,"column":21}},"loc":{"start":{"line":152,"column":40},"end":{"line":162,"column":1}},"line":152},"7":{"name":"(anonymous_7)","decl":{"start":{"line":164,"column":21},"end":{"line":164,"column":22}},"loc":{"start":{"line":164,"column":41},"end":{"line":181,"column":1}},"line":164},"8":{"name":"(anonymous_8)","decl":{"start":{"line":183,"column":24},"end":{"line":183,"column":25}},"loc":{"start":{"line":183,"column":44},"end":{"line":194,"column":1}},"line":183},"9":{"name":"(anonymous_9)","decl":{"start":{"line":196,"column":27},"end":{"line":196,"column":28}},"loc":{"start":{"line":196,"column":47},"end":{"line":203,"column":1}},"line":196},"10":{"name":"(anonymous_10)","decl":{"start":{"line":206,"column":24},"end":{"line":206,"column":25}},"loc":{"start":{"line":206,"column":44},"end":{"line":217,"column":1}},"line":206},"11":{"name":"(anonymous_11)","decl":{"start":{"line":210,"column":21},"end":{"line":210,"column":22}},"loc":{"start":{"line":210,"column":26},"end":{"line":212,"column":5}},"line":210},"12":{"name":"(anonymous_12)","decl":{"start":{"line":219,"column":25},"end":{"line":219,"column":26}},"loc":{"start":{"line":219,"column":45},"end":{"line":231,"column":1}},"line":219},"13":{"name":"(anonymous_13)","decl":{"start":{"line":236,"column":29},"end":{"line":236,"column":30}},"loc":{"start":{"line":236,"column":49},"end":{"line":272,"column":1}},"line":236},"14":{"name":"(anonymous_14)","decl":{"start":{"line":254,"column":48},"end":{"line":254,"column":49}},"loc":{"start":{"line":254,"column":63},"end":{"line":257,"column":5}},"line":254},"15":{"name":"(anonymous_15)","decl":{"start":{"line":261,"column":24},"end":{"line":261,"column":25}},"loc":{"start":{"line":262,"column":10},"end":{"line":263,"column":62}},"line":262},"16":{"name":"(anonymous_16)","decl":{"start":{"line":275,"column":46},"end":{"line":275,"column":47}},"loc":{"start":{"line":275,"column":66},"end":{"line":316,"column":1}},"line":275},"17":{"name":"(anonymous_17)","decl":{"start":{"line":319,"column":45},"end":{"line":319,"column":46}},"loc":{"start":{"line":319,"column":65},"end":{"line":331,"column":1}},"line":319},"18":{"name":"(anonymous_18)","decl":{"start":{"line":334,"column":37},"end":{"line":334,"column":38}},"loc":{"start":{"line":334,"column":57},"end":{"line":363,"column":1}},"line":334},"19":{"name":"(anonymous_19)","decl":{"start":{"line":366,"column":29},"end":{"line":366,"column":30}},"loc":{"start":{"line":366,"column":49},"end":{"line":376,"column":1}},"line":366},"20":{"name":"getConfigKey","decl":{"start":{"line":406,"column":15},"end":{"line":406,"column":27}},"loc":{"start":{"line":406,"column":43},"end":{"line":409,"column":1}},"line":406},"21":{"name":"(anonymous_21)","decl":{"start":{"line":412,"column":34},"end":{"line":412,"column":35}},"loc":{"start":{"line":412,"column":54},"end":{"line":419,"column":1}},"line":412},"22":{"name":"(anonymous_22)","decl":{"start":{"line":422,"column":34},"end":{"line":422,"column":35}},"loc":{"start":{"line":422,"column":54},"end":{"line":482,"column":1}},"line":422},"23":{"name":"(anonymous_23)","decl":{"start":{"line":485,"column":34},"end":{"line":485,"column":35}},"loc":{"start":{"line":485,"column":54},"end":{"line":492,"column":1}},"line":485},"24":{"name":"(anonymous_24)","decl":{"start":{"line":495,"column":34},"end":{"line":495,"column":35}},"loc":{"start":{"line":495,"column":54},"end":{"line":509,"column":1}},"line":495},"25":{"name":"(anonymous_25)","decl":{"start":{"line":512,"column":33},"end":{"line":512,"column":34}},"loc":{"start":{"line":512,"column":53},"end":{"line":520,"column":1}},"line":512},"26":{"name":"(anonymous_26)","decl":{"start":{"line":523,"column":33},"end":{"line":523,"column":34}},"loc":{"start":{"line":523,"column":53},"end":{"line":537,"column":1}},"line":523},"27":{"name":"(anonymous_27)","decl":{"start":{"line":540,"column":27},"end":{"line":540,"column":28}},"loc":{"start":{"line":540,"column":47},"end":{"line":552,"column":1}},"line":540},"28":{"name":"(anonymous_28)","decl":{"start":{"line":555,"column":42},"end":{"line":555,"column":43}},"loc":{"start":{"line":555,"column":62},"end":{"line":562,"column":1}},"line":555},"29":{"name":"(anonymous_29)","decl":{"start":{"line":565,"column":42},"end":{"line":565,"column":43}},"loc":{"start":{"line":565,"column":62},"end":{"line":580,"column":1}},"line":565}},"branchMap":{"0":{"loc":{"start":{"line":70,"column":4},"end":{"line":75,"column":5}},"type":"if","locations":[{"start":{"line":70,"column":4},"end":{"line":75,"column":5}},{"start":{},"end":{}}],"line":70},"1":{"loc":{"start":{"line":76,"column":4},"end":{"line":78,"column":5}},"type":"if","locations":[{"start":{"line":76,"column":4},"end":{"line":78,"column":5}},{"start":{},"end":{}}],"line":76},"2":{"loc":{"start":{"line":172,"column":18},"end":{"line":172,"column":39}},"type":"binary-expr","locations":[{"start":{"line":172,"column":18},"end":{"line":172,"column":26}},{"start":{"line":172,"column":30},"end":{"line":172,"column":39}}],"line":172},"3":{"loc":{"start":{"line":173,"column":18},"end":{"line":173,"column":35}},"type":"binary-expr","locations":[{"start":{"line":173,"column":18},"end":{"line":173,"column":26}},{"start":{"line":173,"column":30},"end":{"line":173,"column":35}}],"line":173},"4":{"loc":{"start":{"line":242,"column":12},"end":{"line":242,"column":36}},"type":"cond-expr","locations":[{"start":{"line":242,"column":21},"end":{"line":242,"column":29}},{"start":{"line":242,"column":34},"end":{"line":242,"column":36}}],"line":242},"5":{"loc":{"start":{"line":243,"column":12},"end":{"line":243,"column":36}},"type":"cond-expr","locations":[{"start":{"line":243,"column":21},"end":{"line":243,"column":31}},{"start":{"line":243,"column":34},"end":{"line":243,"column":36}}],"line":243},"6":{"loc":{"start":{"line":260,"column":21},"end":{"line":265,"column":16}},"type":"cond-expr","locations":[{"start":{"line":261,"column":8},"end":{"line":264,"column":9}},{"start":{"line":265,"column":8},"end":{"line":265,"column":16}}],"line":260},"7":{"loc":{"start":{"line":262,"column":10},"end":{"line":263,"column":62}},"type":"binary-expr","locations":[{"start":{"line":262,"column":10},"end":{"line":262,"column":61}},{"start":{"line":263,"column":10},"end":{"line":263,"column":62}}],"line":262},"8":{"loc":{"start":{"line":281,"column":4},"end":{"line":283,"column":5}},"type":"if","locations":[{"start":{"line":281,"column":4},"end":{"line":283,"column":5}},{"start":{},"end":{}}],"line":281},"9":{"loc":{"start":{"line":281,"column":8},"end":{"line":281,"column":42}},"type":"binary-expr","locations":[{"start":{"line":281,"column":8},"end":{"line":281,"column":12}},{"start":{"line":281,"column":16},"end":{"line":281,"column":42}}],"line":281},"10":{"loc":{"start":{"line":286,"column":45},"end":{"line":286,"column":63}},"type":"binary-expr","locations":[{"start":{"line":286,"column":45},"end":{"line":286,"column":57}},{"start":{"line":286,"column":61},"end":{"line":286,"column":63}}],"line":286},"11":{"loc":{"start":{"line":291,"column":14},"end":{"line":291,"column":27}},"type":"binary-expr","locations":[{"start":{"line":291,"column":14},"end":{"line":291,"column":18}},{"start":{"line":291,"column":22},"end":{"line":291,"column":27}}],"line":291},"12":{"loc":{"start":{"line":292,"column":16},"end":{"line":292,"column":34}},"type":"binary-expr","locations":[{"start":{"line":292,"column":16},"end":{"line":292,"column":22}},{"start":{"line":292,"column":26},"end":{"line":292,"column":34}}],"line":292},"13":{"loc":{"start":{"line":298,"column":14},"end":{"line":298,"column":27}},"type":"binary-expr","locations":[{"start":{"line":298,"column":14},"end":{"line":298,"column":18}},{"start":{"line":298,"column":22},"end":{"line":298,"column":27}}],"line":298},"14":{"loc":{"start":{"line":299,"column":16},"end":{"line":299,"column":34}},"type":"binary-expr","locations":[{"start":{"line":299,"column":16},"end":{"line":299,"column":22}},{"start":{"line":299,"column":26},"end":{"line":299,"column":34}}],"line":299},"15":{"loc":{"start":{"line":311,"column":58},"end":{"line":311,"column":76}},"type":"binary-expr","locations":[{"start":{"line":311,"column":58},"end":{"line":311,"column":70}},{"start":{"line":311,"column":74},"end":{"line":311,"column":76}}],"line":311},"16":{"loc":{"start":{"line":347,"column":28},"end":{"line":347,"column":53}},"type":"binary-expr","locations":[{"start":{"line":347,"column":28},"end":{"line":347,"column":47}},{"start":{"line":347,"column":51},"end":{"line":347,"column":53}}],"line":347},"17":{"loc":{"start":{"line":348,"column":30},"end":{"line":348,"column":58}},"type":"binary-expr","locations":[{"start":{"line":348,"column":30},"end":{"line":348,"column":51}},{"start":{"line":348,"column":55},"end":{"line":348,"column":58}}],"line":348},"18":{"loc":{"start":{"line":349,"column":30},"end":{"line":349,"column":65}},"type":"binary-expr","locations":[{"start":{"line":349,"column":30},"end":{"line":349,"column":57}},{"start":{"line":349,"column":61},"end":{"line":349,"column":65}}],"line":349},"19":{"loc":{"start":{"line":408,"column":9},"end":{"line":408,"column":35}},"type":"cond-expr","locations":[{"start":{"line":408,"column":15},"end":{"line":408,"column":24}},{"start":{"line":408,"column":27},"end":{"line":408,"column":35}}],"line":408},"20":{"loc":{"start":{"line":425,"column":4},"end":{"line":425,"column":82}},"type":"if","locations":[{"start":{"line":425,"column":4},"end":{"line":425,"column":82}},{"start":{},"end":{}}],"line":425},"21":{"loc":{"start":{"line":430,"column":6},"end":{"line":430,"column":112}},"type":"if","locations":[{"start":{"line":430,"column":6},"end":{"line":430,"column":112}},{"start":{},"end":{}}],"line":430},"22":{"loc":{"start":{"line":431,"column":6},"end":{"line":433,"column":7}},"type":"if","locations":[{"start":{"line":431,"column":6},"end":{"line":433,"column":7}},{"start":{},"end":{}}],"line":431},"23":{"loc":{"start":{"line":431,"column":10},"end":{"line":431,"column":93}},"type":"binary-expr","locations":[{"start":{"line":431,"column":10},"end":{"line":431,"column":50}},{"start":{"line":431,"column":54},"end":{"line":431,"column":93}}],"line":431},"24":{"loc":{"start":{"line":449,"column":10},"end":{"line":457,"column":11}},"type":"if","locations":[{"start":{"line":449,"column":10},"end":{"line":457,"column":11}},{"start":{},"end":{}}],"line":449},"25":{"loc":{"start":{"line":452,"column":12},"end":{"line":456,"column":13}},"type":"if","locations":[{"start":{"line":452,"column":12},"end":{"line":456,"column":13}},{"start":{},"end":{}}],"line":452},"26":{"loc":{"start":{"line":461,"column":6},"end":{"line":467,"column":7}},"type":"if","locations":[{"start":{"line":461,"column":6},"end":{"line":467,"column":7}},{"start":{},"end":{}}],"line":461},"27":{"loc":{"start":{"line":498,"column":4},"end":{"line":498,"column":82}},"type":"if","locations":[{"start":{"line":498,"column":4},"end":{"line":498,"column":82}},{"start":{},"end":{}}],"line":498},"28":{"loc":{"start":{"line":526,"column":4},"end":{"line":526,"column":87}},"type":"if","locations":[{"start":{"line":526,"column":4},"end":{"line":526,"column":87}},{"start":{},"end":{}}],"line":526},"29":{"loc":{"start":{"line":568,"column":4},"end":{"line":570,"column":5}},"type":"if","locations":[{"start":{"line":568,"column":4},"end":{"line":570,"column":5}},{"start":{},"end":{}}],"line":568},"30":{"loc":{"start":{"line":568,"column":8},"end":{"line":568,"column":47}},"type":"binary-expr","locations":[{"start":{"line":568,"column":8},"end":{"line":568,"column":16}},{"start":{"line":568,"column":20},"end":{"line":568,"column":47}}],"line":568}},"s":{"0":0,"1":0,"2":0,"3":0,"4":0,"5":0,"6":0,"7":0,"8":0,"9":0,"10":0,"11":0,"12":0,"13":0,"14":0,"15":0,"16":0,"17":0,"18":0,"19":0,"20":0,"21":0,"22":0,"23":0,"24":0,"25":0,"26":0,"27":0,"28":0,"29":0,"30":0,"31":0,"32":0,"33":0,"34":0,"35":0,"36":0,"37":0,"38":0,"39":0,"40":0,"41":0,"42":0,"43":0,"44":0,"45":0,"46":0,"47":0,"48":0,"49":0,"50":0,"51":0,"52":0,"53":0,"54":0,"55":0,"56":0,"57":0,"58":0,"59":0,"60":0,"61":0,"62":0,"63":0,"64":0,"65":0,"66":0,"67":0,"68":0,"69":0,"70":0,"71":0,"72":0,"73":0,"74":0,"75":0,"76":0,"77":0,"78":0,"79":0,"80":0,"81":0,"82":0,"83":0,"84":0,"85":0,"86":0,"87":0,"88":0,"89":0,"90":0,"91":0,"92":0,"93":0,"94":0,"95":0,"96":0,"97":0,"98":0,"99":0,"100":0,"101":0,"102":0,"103":0,"104":0,"105":0,"106":0,"107":0,"108":0,"109":0,"110":0,"111":0,"112":0,"113":0,"114":0,"115":0,"116":0,"117":0,"118":0,"119":0,"120":0,"121":0,"122":0,"123":0,"124":0,"125":0,"126":0,"127":0,"128":0,"129":0,"130":0,"131":0,"132":0,"133":0,"134":0,"135":0,"136":0,"137":0,"138":0,"139":0,"140":0,"141":0,"142":0,"143":0,"144":0,"145":0,"146":0,"147":0,"148":0,"149":0,"150":0,"151":0,"152":0,"153":0,"154":0,"155":0,"156":0,"157":0,"158":0,"159":0,"160":0,"161":0,"162":0,"163":0,"164":0,"165":0,"166":0,"167":0,"168":0,"169":0,"170":0,"171":0,"172":0,"173":0,"174":0,"175":0,"176":0,"177":0,"178":0,"179":0,"180":0,"181":0,"182":0,"183":0,"184":0,"185":0,"186":0,"187":0,"188":0,"189":0,"190":0,"191":0,"192":0,"193":0,"194":0,"195":0,"196":0,"197":0,"198":0,"199":0,"200":0,"201":0,"202":0,"203":0,"204":0,"205":0,"206":0,"207":0,"208":0,"209":0,"210":0,"211":0,"212":0,"213":0,"214":0,"215":0,"216":0,"217":0,"218":0,"219":0,"220":0,"221":0,"222":0,"223":0,"224":0,"225":0,"226":0,"227":0,"228":0},"f":{"0":0,"1":0,"2":0,"3":0,"4":0,"5":0,"6":0,"7":0,"8":0,"9":0,"10":0,"11":0,"12":0,"13":0,"14":0,"15":0,"16":0,"17":0,"18":0,"19":0,"20":0,"21":0,"22":0,"23":0,"24":0,"25":0,"26":0,"27":0,"28":0,"29":0},"b":{"0":[0,0],"1":[0,0],"2":[0,0],"3":[0,0],"4":[0,0],"5":[0,0],"6":[0,0],"7":[0,0],"8":[0,0],"9":[0,0],"10":[0,0],"11":[0,0],"12":[0,0],"13":[0,0],"14":[0,0],"15":[0,0],"16":[0,0],"17":[0,0],"18":[0,0],"19":[0,0],"20":[0,0],"21":[0,0],"22":[0,0],"23":[0,0],"24":[0,0],"25":[0,0],"26":[0,0],"27":[0,0],"28":[0,0],"29":[0,0],"30":[0,0]}}
,"C:\\Users\\maury\\OneDrive\\Desktop\\sam\\Backend\\routes\\aiQuiz.js": {"path":"C:\\Users\\maury\\OneDrive\\Desktop\\sam\\Backend\\routes\\aiQuiz.js","statementMap":{"0":{"start":{"line":1,"column":16},"end":{"line":1,"column":34}},"1":{"start":{"line":2,"column":11},"end":{"line":2,"column":24}},"2":{"start":{"line":3,"column":13},"end":{"line":3,"column":28}},"3":{"start":{"line":4,"column":15},"end":{"line":4,"column":31}},"4":{"start":{"line":5,"column":15},"end":{"line":5,"column":32}},"5":{"start":{"line":6,"column":15},"end":{"line":6,"column":40}},"6":{"start":{"line":7,"column":18},"end":{"line":7,"column":54}},"7":{"start":{"line":8,"column":37},"end":{"line":8,"column":70}},"8":{"start":{"line":9,"column":17},"end":{"line":12,"column":1}},"9":{"start":{"line":10,"column":17},"end":{"line":10,"column":57}},"10":{"start":{"line":11,"column":2},"end":{"line":11,"column":66}},"11":{"start":{"line":13,"column":17},"end":{"line":13,"column":37}},"12":{"start":{"line":14,"column":75},"end":{"line":14,"column":108}},"13":{"start":{"line":17,"column":0},"end":{"line":42,"column":3}},"14":{"start":{"line":18,"column":2},"end":{"line":41,"column":3}},"15":{"start":{"line":19,"column":23},"end":{"line":19,"column":31}},"16":{"start":{"line":20,"column":4},"end":{"line":20,"column":75}},"17":{"start":{"line":20,"column":17},"end":{"line":20,"column":75}},"18":{"start":{"line":22,"column":17},"end":{"line":22,"column":72}},"19":{"start":{"line":23,"column":4},"end":{"line":23,"column":72}},"20":{"start":{"line":23,"column":15},"end":{"line":23,"column":72}},"21":{"start":{"line":24,"column":4},"end":{"line":24,"column":95}},"22":{"start":{"line":24,"column":39},"end":{"line":24,"column":95}},"23":{"start":{"line":26,"column":17},"end":{"line":26,"column":68}},"24":{"start":{"line":28,"column":4},"end":{"line":35,"column":7}},"25":{"start":{"line":37,"column":4},"end":{"line":37,"column":30}},"26":{"start":{"line":39,"column":4},"end":{"line":39,"column":42}},"27":{"start":{"line":40,"column":4},"end":{"line":40,"column":59}},"28":{"start":{"line":46,"column":15},"end":{"line":49,"column":2}},"29":{"start":{"line":56,"column":2},"end":{"line":56,"column":27}},"30":{"start":{"line":56,"column":15},"end":{"line":56,"column":27}},"31":{"start":{"line":58,"column":2},"end":{"line":87,"column":3}},"32":{"start":{"line":59,"column":4},"end":{"line":80,"column":5}},"33":{"start":{"line":60,"column":30},"end":{"line":60,"column":57}},"34":{"start":{"line":61,"column":17},"end":{"line":61,"column":84}},"35":{"start":{"line":63,"column":6},"end":{"line":78,"column":7}},"36":{"start":{"line":64,"column":8},"end":{"line":64,"column":81}},"37":{"start":{"line":66,"column":28},"end":{"line":66,"column":132}},"38":{"start":{"line":66,"column":83},"end":{"line":66,"column":121}},"39":{"start":{"line":68,"column":8},"end":{"line":76,"column":11}},"40":{"start":{"line":77,"column":8},"end":{"line":77,"column":66}},"41":{"start":{"line":79,"column":6},"end":{"line":79,"column":21}},"42":{"start":{"line":83,"column":4},"end":{"line":83,"column":18}},"43":{"start":{"line":85,"column":4},"end":{"line":85,"column":70}},"44":{"start":{"line":86,"column":4},"end":{"line":86,"column":16}},"45":{"start":{"line":92,"column":0},"end":{"line":142,"column":3}},"46":{"start":{"line":93,"column":2},"end":{"line":93,"column":97}},"47":{"start":{"line":94,"column":2},"end":{"line":141,"column":3}},"48":{"start":{"line":95,"column":62},"end":{"line":95,"column":70}},"49":{"start":{"line":97,"column":4},"end":{"line":102,"column":5}},"50":{"start":{"line":98,"column":6},"end":{"line":101,"column":9}},"51":{"start":{"line":105,"column":21},"end":{"line":105,"column":49}},"52":{"start":{"line":106,"column":17},"end":{"line":106,"column":92}},"53":{"start":{"line":108,"column":22},"end":{"line":118,"column":5}},"54":{"start":{"line":121,"column":20},"end":{"line":131,"column":6}},"55":{"start":{"line":133,"column":4},"end":{"line":136,"column":7}},"56":{"start":{"line":138,"column":4},"end":{"line":138,"column":81}},"57":{"start":{"line":139,"column":4},"end":{"line":139,"column":41}},"58":{"start":{"line":140,"column":4},"end":{"line":140,"column":87}},"59":{"start":{"line":146,"column":0},"end":{"line":212,"column":3}},"60":{"start":{"line":147,"column":2},"end":{"line":147,"column":127}},"61":{"start":{"line":148,"column":2},"end":{"line":211,"column":3}},"62":{"start":{"line":149,"column":48},"end":{"line":149,"column":56}},"63":{"start":{"line":150,"column":20},"end":{"line":150,"column":28}},"64":{"start":{"line":153,"column":4},"end":{"line":153,"column":37}},"65":{"start":{"line":155,"column":4},"end":{"line":155,"column":98}},"66":{"start":{"line":157,"column":4},"end":{"line":160,"column":5}},"67":{"start":{"line":158,"column":6},"end":{"line":158,"column":46}},"68":{"start":{"line":159,"column":6},"end":{"line":159,"column":115}},"69":{"start":{"line":162,"column":4},"end":{"line":165,"column":5}},"70":{"start":{"line":163,"column":6},"end":{"line":163,"column":53}},"71":{"start":{"line":164,"column":6},"end":{"line":164,"column":151}},"72":{"start":{"line":168,"column":4},"end":{"line":168,"column":44}},"73":{"start":{"line":169,"column":20},"end":{"line":169,"column":51}},"74":{"start":{"line":170,"column":24},"end":{"line":170,"column":36}},"75":{"start":{"line":171,"column":4},"end":{"line":171,"column":92}},"76":{"start":{"line":173,"column":4},"end":{"line":176,"column":5}},"77":{"start":{"line":174,"column":6},"end":{"line":174,"column":54}},"78":{"start":{"line":175,"column":6},"end":{"line":175,"column":96}},"79":{"start":{"line":179,"column":21},"end":{"line":179,"column":49}},"80":{"start":{"line":182,"column":4},"end":{"line":182,"column":74}},"81":{"start":{"line":183,"column":22},"end":{"line":187,"column":5}},"82":{"start":{"line":188,"column":4},"end":{"line":188,"column":80}},"83":{"start":{"line":191,"column":20},"end":{"line":201,"column":6}},"84":{"start":{"line":203,"column":4},"end":{"line":206,"column":7}},"85":{"start":{"line":208,"column":4},"end":{"line":208,"column":79}},"86":{"start":{"line":209,"column":4},"end":{"line":209,"column":45}},"87":{"start":{"line":210,"column":4},"end":{"line":210,"column":96}},"88":{"start":{"line":214,"column":0},"end":{"line":214,"column":24}}},"fnMap":{"0":{"name":"(anonymous_0)","decl":{"start":{"line":9,"column":17},"end":{"line":9,"column":18}},"loc":{"start":{"line":9,"column":26},"end":{"line":12,"column":1}},"line":9},"1":{"name":"(anonymous_1)","decl":{"start":{"line":17,"column":39},"end":{"line":17,"column":40}},"loc":{"start":{"line":17,"column":59},"end":{"line":42,"column":1}},"line":17},"2":{"name":"ensureAuthorId","decl":{"start":{"line":55,"column":15},"end":{"line":55,"column":29}},"loc":{"start":{"line":55,"column":38},"end":{"line":88,"column":1}},"line":55},"3":{"name":"(anonymous_3)","decl":{"start":{"line":66,"column":78},"end":{"line":66,"column":79}},"loc":{"start":{"line":66,"column":83},"end":{"line":66,"column":121}},"line":66},"4":{"name":"(anonymous_4)","decl":{"start":{"line":92,"column":73},"end":{"line":92,"column":74}},"loc":{"start":{"line":92,"column":93},"end":{"line":142,"column":1}},"line":92},"5":{"name":"(anonymous_5)","decl":{"start":{"line":146,"column":96},"end":{"line":146,"column":97}},"loc":{"start":{"line":146,"column":116},"end":{"line":212,"column":1}},"line":146}},"branchMap":{"0":{"loc":{"start":{"line":20,"column":4},"end":{"line":20,"column":75}},"type":"if","locations":[{"start":{"line":20,"column":4},"end":{"line":20,"column":75}},{"start":{},"end":{}}],"line":20},"1":{"loc":{"start":{"line":23,"column":4},"end":{"line":23,"column":72}},"type":"if","locations":[{"start":{"line":23,"column":4},"end":{"line":23,"column":72}},{"start":{},"end":{}}],"line":23},"2":{"loc":{"start":{"line":24,"column":4},"end":{"line":24,"column":95}},"type":"if","locations":[{"start":{"line":24,"column":4},"end":{"line":24,"column":95}},{"start":{},"end":{}}],"line":24},"3":{"loc":{"start":{"line":33,"column":20},"end":{"line":33,"column":46}},"type":"binary-expr","locations":[{"start":{"line":33,"column":20},"end":{"line":33,"column":30}},{"start":{"line":33,"column":34},"end":{"line":33,"column":46}}],"line":33},"4":{"loc":{"start":{"line":56,"column":2},"end":{"line":56,"column":27}},"type":"if","locations":[{"start":{"line":56,"column":2},"end":{"line":56,"column":27}},{"start":{},"end":{}}],"line":56},"5":{"loc":{"start":{"line":59,"column":4},"end":{"line":80,"column":5}},"type":"if","locations":[{"start":{"line":59,"column":4},"end":{"line":80,"column":5}},{"start":{},"end":{}}],"line":59},"6":{"loc":{"start":{"line":59,"column":8},"end":{"line":59,"column":58}},"type":"binary-expr","locations":[{"start":{"line":59,"column":8},"end":{"line":59,"column":34}},{"start":{"line":59,"column":38},"end":{"line":59,"column":58}}],"line":59},"7":{"loc":{"start":{"line":63,"column":6},"end":{"line":78,"column":7}},"type":"if","locations":[{"start":{"line":63,"column":6},"end":{"line":78,"column":7}},{"start":{},"end":{}}],"line":63},"8":{"loc":{"start":{"line":70,"column":18},"end":{"line":70,"column":45}},"type":"binary-expr","locations":[{"start":{"line":70,"column":18},"end":{"line":70,"column":29}},{"start":{"line":70,"column":33},"end":{"line":70,"column":45}}],"line":70},"9":{"loc":{"start":{"line":97,"column":4},"end":{"line":102,"column":5}},"type":"if","locations":[{"start":{"line":97,"column":4},"end":{"line":102,"column":5}},{"start":{},"end":{}}],"line":97},"10":{"loc":{"start":{"line":97,"column":8},"end":{"line":97,"column":39}},"type":"binary-expr","locations":[{"start":{"line":97,"column":8},"end":{"line":97,"column":14}},{"start":{"line":97,"column":18},"end":{"line":97,"column":24}},{"start":{"line":97,"column":28},"end":{"line":97,"column":39}}],"line":97},"11":{"loc":{"start":{"line":100,"column":36},"end":{"line":100,"column":58}},"type":"cond-expr","locations":[{"start":{"line":100,"column":45},"end":{"line":100,"column":53}},{"start":{"line":100,"column":56},"end":{"line":100,"column":58}}],"line":100},"12":{"loc":{"start":{"line":100,"column":61},"end":{"line":100,"column":83}},"type":"cond-expr","locations":[{"start":{"line":100,"column":70},"end":{"line":100,"column":78}},{"start":{"line":100,"column":81},"end":{"line":100,"column":83}}],"line":100},"13":{"loc":{"start":{"line":100,"column":86},"end":{"line":100,"column":117}},"type":"cond-expr","locations":[{"start":{"line":100,"column":100},"end":{"line":100,"column":112}},{"start":{"line":100,"column":115},"end":{"line":100,"column":117}}],"line":100},"14":{"loc":{"start":{"line":106,"column":17},"end":{"line":106,"column":92}},"type":"cond-expr","locations":[{"start":{"line":106,"column":28},"end":{"line":106,"column":85}},{"start":{"line":106,"column":88},"end":{"line":106,"column":92}}],"line":106},"15":{"loc":{"start":{"line":111,"column":6},"end":{"line":111,"column":16}},"type":"binary-expr","locations":[{"start":{"line":111,"column":6},"end":{"line":111,"column":11}},{"start":{"line":111,"column":15},"end":{"line":111,"column":16}}],"line":111},"16":{"loc":{"start":{"line":113,"column":24},"end":{"line":113,"column":57}},"type":"binary-expr","locations":[{"start":{"line":113,"column":24},"end":{"line":113,"column":44}},{"start":{"line":113,"column":48},"end":{"line":113,"column":57}}],"line":113},"17":{"loc":{"start":{"line":114,"column":17},"end":{"line":114,"column":49}},"type":"binary-expr","locations":[{"start":{"line":114,"column":17},"end":{"line":114,"column":30}},{"start":{"line":114,"column":34},"end":{"line":114,"column":49}}],"line":114},"18":{"loc":{"start":{"line":115,"column":16},"end":{"line":115,"column":47}},"type":"binary-expr","locations":[{"start":{"line":115,"column":16},"end":{"line":115,"column":28}},{"start":{"line":115,"column":32},"end":{"line":115,"column":47}}],"line":115},"19":{"loc":{"start":{"line":116,"column":21},"end":{"line":116,"column":44}},"type":"binary-expr","locations":[{"start":{"line":116,"column":21},"end":{"line":116,"column":38}},{"start":{"line":116,"column":42},"end":{"line":116,"column":44}}],"line":116},"20":{"loc":{"start":{"line":129,"column":14},"end":{"line":129,"column":24}},"type":"binary-expr","locations":[{"start":{"line":129,"column":14},"end":{"line":129,"column":18}},{"start":{"line":129,"column":22},"end":{"line":129,"column":24}}],"line":129},"21":{"loc":{"start":{"line":147,"column":53},"end":{"line":147,"column":94}},"type":"cond-expr","locations":[{"start":{"line":147,"column":64},"end":{"line":147,"column":85}},{"start":{"line":147,"column":88},"end":{"line":147,"column":94}}],"line":147},"22":{"loc":{"start":{"line":153,"column":12},"end":{"line":153,"column":36}},"type":"binary-expr","locations":[{"start":{"line":153,"column":12},"end":{"line":153,"column":31}},{"start":{"line":153,"column":35},"end":{"line":153,"column":36}}],"line":153},"23":{"loc":{"start":{"line":157,"column":4},"end":{"line":160,"column":5}},"type":"if","locations":[{"start":{"line":157,"column":4},"end":{"line":160,"column":5}},{"start":{},"end":{}}],"line":157},"24":{"loc":{"start":{"line":162,"column":4},"end":{"line":165,"column":5}},"type":"if","locations":[{"start":{"line":162,"column":4},"end":{"line":165,"column":5}},{"start":{},"end":{}}],"line":162},"25":{"loc":{"start":{"line":162,"column":8},"end":{"line":162,"column":29}},"type":"binary-expr","locations":[{"start":{"line":162,"column":8},"end":{"line":162,"column":14}},{"start":{"line":162,"column":18},"end":{"line":162,"column":29}}],"line":162},"26":{"loc":{"start":{"line":171,"column":53},"end":{"line":171,"column":89}},"type":"cond-expr","locations":[{"start":{"line":171,"column":67},"end":{"line":171,"column":85}},{"start":{"line":171,"column":88},"end":{"line":171,"column":89}}],"line":171},"27":{"loc":{"start":{"line":173,"column":4},"end":{"line":176,"column":5}},"type":"if","locations":[{"start":{"line":173,"column":4},"end":{"line":176,"column":5}},{"start":{},"end":{}}],"line":173},"28":{"loc":{"start":{"line":173,"column":8},"end":{"line":173,"column":54}},"type":"binary-expr","locations":[{"start":{"line":173,"column":8},"end":{"line":173,"column":20}},{"start":{"line":173,"column":24},"end":{"line":173,"column":54}}],"line":173},"29":{"loc":{"start":{"line":199,"column":14},"end":{"line":199,"column":36}},"type":"binary-expr","locations":[{"start":{"line":199,"column":14},"end":{"line":199,"column":18}},{"start":{"line":199,"column":22},"end":{"line":199,"column":36}}],"line":199}},"s":{"0":0,"1":0,"2":0,"3":0,"4":0,"5":0,"6":0,"7":0,"8":0,"9":0,"10":0,"11":0,"12":0,"13":0,"14":0,"15":0,"16":0,"17":0,"18":0,"19":0,"20":0,"21":0,"22":0,"23":0,"24":0,"25":0,"26":0,"27":0,"28":0,"29":0,"30":0,"31":0,"32":0,"33":0,"34":0,"35":0,"36":0,"37":0,"38":0,"39":0,"40":0,"41":0,"42":0,"43":0,"44":0,"45":0,"46":0,"47":0,"48":0,"49":0,"50":0,"51":0,"52":0,"53":0,"54":0,"55":0,"56":0,"57":0,"58":0,"59":0,"60":0,"61":0,"62":0,"63":0,"64":0,"65":0,"66":0,"67":0,"68":0,"69":0,"70":0,"71":0,"72":0,"73":0,"74":0,"75":0,"76":0,"77":0,"78":0,"79":0,"80":0,"81":0,"82":0,"83":0,"84":0,"85":0,"86":0,"87":0,"88":0},"f":{"0":0,"1":0,"2":0,"3":0,"4":0,"5":0},"b":{"0":[0,0],"1":[0,0],"2":[0,0],"3":[0,0],"4":[0,0],"5":[0,0],"6":[0,0],"7":[0,0],"8":[0,0],"9":[0,0],"10":[0,0,0],"11":[0,0],"12":[0,0],"13":[0,0],"14":[0,0],"15":[0,0],"16":[0,0],"17":[0,0],"18":[0,0],"19":[0,0],"20":[0,0],"21":[0,0],"22":[0,0],"23":[0,0],"24":[0,0],"25":[0,0],"26":[0,0],"27":[0,0],"28":[0,0],"29":[0,0]}}
,"C:\\Users\\maury\\OneDrive\\Desktop\\sam\\Backend\\routes\\auth.js": {"path":"C:\\Users\\maury\\OneDrive\\Desktop\\sam\\Backend\\routes\\auth.js","statementMap":{"0":{"start":{"line":1,"column":17},"end":{"line":1,"column":35}},"1":{"start":{"line":2,"column":17},"end":{"line":2,"column":33}},"2":{"start":{"line":3,"column":17},"end":{"line":3,"column":34}},"3":{"start":{"line":4,"column":17},"end":{"line":4,"column":40}},"4":{"start":{"line":5,"column":17},"end":{"line":5,"column":42}},"5":{"start":{"line":6,"column":18},"end":{"line":6,"column":54}},"6":{"start":{"line":7,"column":25},"end":{"line":7,"column":60}},"7":{"start":{"line":8,"column":66},"end":{"line":8,"column":99}},"8":{"start":{"line":12,"column":2},"end":{"line":21,"column":4}},"9":{"start":{"line":25,"column":0},"end":{"line":31,"column":3}},"10":{"start":{"line":26,"column":23},"end":{"line":26,"column":32}},"11":{"start":{"line":27,"column":2},"end":{"line":27,"column":77}},"12":{"start":{"line":27,"column":17},"end":{"line":27,"column":77}},"13":{"start":{"line":29,"column":15},"end":{"line":29,"column":92}},"14":{"start":{"line":30,"column":2},"end":{"line":30,"column":33}},"15":{"start":{"line":34,"column":0},"end":{"line":40,"column":3}},"16":{"start":{"line":35,"column":20},"end":{"line":35,"column":29}},"17":{"start":{"line":36,"column":2},"end":{"line":36,"column":71}},"18":{"start":{"line":36,"column":14},"end":{"line":36,"column":71}},"19":{"start":{"line":38,"column":15},"end":{"line":38,"column":86}},"20":{"start":{"line":39,"column":2},"end":{"line":39,"column":33}},"21":{"start":{"line":43,"column":0},"end":{"line":106,"column":3}},"22":{"start":{"line":44,"column":2},"end":{"line":105,"column":3}},"23":{"start":{"line":45,"column":94},"end":{"line":45,"column":102}},"24":{"start":{"line":47,"column":4},"end":{"line":49,"column":5}},"25":{"start":{"line":48,"column":6},"end":{"line":48,"column":72}},"26":{"start":{"line":52,"column":26},"end":{"line":52,"column":39}},"27":{"start":{"line":53,"column":4},"end":{"line":55,"column":5}},"28":{"start":{"line":54,"column":6},"end":{"line":54,"column":93}},"29":{"start":{"line":58,"column":26},"end":{"line":58,"column":82}},"30":{"start":{"line":62,"column":4},"end":{"line":64,"column":5}},"31":{"start":{"line":63,"column":7},"end":{"line":63,"column":87}},"32":{"start":{"line":65,"column":4},"end":{"line":67,"column":5}},"33":{"start":{"line":66,"column":7},"end":{"line":66,"column":91}},"34":{"start":{"line":68,"column":4},"end":{"line":70,"column":5}},"35":{"start":{"line":69,"column":7},"end":{"line":69,"column":102}},"36":{"start":{"line":73,"column":26},"end":{"line":73,"column":97}},"37":{"start":{"line":74,"column":4},"end":{"line":74,"column":86}},"38":{"start":{"line":74,"column":23},"end":{"line":74,"column":86}},"39":{"start":{"line":76,"column":25},"end":{"line":76,"column":102}},"40":{"start":{"line":77,"column":4},"end":{"line":77,"column":87}},"41":{"start":{"line":77,"column":22},"end":{"line":77,"column":87}},"42":{"start":{"line":79,"column":17},"end":{"line":79,"column":48}},"43":{"start":{"line":81,"column":17},"end":{"line":94,"column":6}},"44":{"start":{"line":96,"column":18},"end":{"line":96,"column":40}},"45":{"start":{"line":97,"column":4},"end":{"line":101,"column":7}},"46":{"start":{"line":103,"column":4},"end":{"line":103,"column":40}},"47":{"start":{"line":104,"column":4},"end":{"line":104,"column":53}},"48":{"start":{"line":109,"column":0},"end":{"line":160,"column":3}},"49":{"start":{"line":110,"column":2},"end":{"line":159,"column":3}},"50":{"start":{"line":111,"column":37},"end":{"line":111,"column":45}},"51":{"start":{"line":112,"column":4},"end":{"line":112,"column":107}},"52":{"start":{"line":112,"column":34},"end":{"line":112,"column":107}},"53":{"start":{"line":115,"column":15},"end":{"line":115,"column":42}},"54":{"start":{"line":116,"column":4},"end":{"line":120,"column":5}},"55":{"start":{"line":117,"column":6},"end":{"line":119,"column":9}},"56":{"start":{"line":122,"column":17},"end":{"line":129,"column":6}},"57":{"start":{"line":131,"column":4},"end":{"line":134,"column":5}},"58":{"start":{"line":132,"column":6},"end":{"line":132,"column":36}},"59":{"start":{"line":133,"column":6},"end":{"line":133,"column":68}},"60":{"start":{"line":137,"column":4},"end":{"line":139,"column":5}},"61":{"start":{"line":138,"column":6},"end":{"line":138,"column":98}},"62":{"start":{"line":141,"column":15},"end":{"line":141,"column":64}},"63":{"start":{"line":142,"column":4},"end":{"line":145,"column":5}},"64":{"start":{"line":143,"column":6},"end":{"line":143,"column":36}},"65":{"start":{"line":144,"column":6},"end":{"line":144,"column":68}},"66":{"start":{"line":148,"column":4},"end":{"line":148,"column":34}},"67":{"start":{"line":150,"column":18},"end":{"line":150,"column":40}},"68":{"start":{"line":151,"column":4},"end":{"line":155,"column":7}},"69":{"start":{"line":157,"column":4},"end":{"line":157,"column":39}},"70":{"start":{"line":158,"column":4},"end":{"line":158,"column":52}},"71":{"start":{"line":163,"column":0},"end":{"line":187,"column":3}},"72":{"start":{"line":164,"column":2},"end":{"line":186,"column":3}},"73":{"start":{"line":165,"column":22},"end":{"line":165,"column":30}},"74":{"start":{"line":166,"column":4},"end":{"line":166,"column":73}},"75":{"start":{"line":166,"column":16},"end":{"line":166,"column":73}},"76":{"start":{"line":168,"column":17},"end":{"line":168,"column":88}},"77":{"start":{"line":169,"column":4},"end":{"line":169,"column":72}},"78":{"start":{"line":169,"column":15},"end":{"line":169,"column":72}},"79":{"start":{"line":171,"column":16},"end":{"line":171,"column":70}},"80":{"start":{"line":172,"column":23},"end":{"line":172,"column":60}},"81":{"start":{"line":174,"column":4},"end":{"line":177,"column":7}},"82":{"start":{"line":179,"column":17},"end":{"line":179,"column":52}},"83":{"start":{"line":180,"column":4},"end":{"line":180,"column":82}},"84":{"start":{"line":180,"column":15},"end":{"line":180,"column":82}},"85":{"start":{"line":182,"column":4},"end":{"line":182,"column":52}},"86":{"start":{"line":184,"column":4},"end":{"line":184,"column":49}},"87":{"start":{"line":185,"column":4},"end":{"line":185,"column":61}},"88":{"start":{"line":190,"column":0},"end":{"line":215,"column":3}},"89":{"start":{"line":191,"column":2},"end":{"line":214,"column":3}},"90":{"start":{"line":192,"column":40},"end":{"line":192,"column":48}},"91":{"start":{"line":193,"column":4},"end":{"line":193,"column":97}},"92":{"start":{"line":193,"column":40},"end":{"line":193,"column":97}},"93":{"start":{"line":195,"column":17},"end":{"line":195,"column":88}},"94":{"start":{"line":196,"column":4},"end":{"line":198,"column":5}},"95":{"start":{"line":197,"column":6},"end":{"line":197,"column":71}},"96":{"start":{"line":200,"column":17},"end":{"line":200,"column":51}},"97":{"start":{"line":201,"column":4},"end":{"line":208,"column":7}},"98":{"start":{"line":210,"column":4},"end":{"line":210,"column":55}},"99":{"start":{"line":212,"column":4},"end":{"line":212,"column":48}},"100":{"start":{"line":213,"column":4},"end":{"line":213,"column":61}},"101":{"start":{"line":217,"column":0},"end":{"line":217,"column":24}}},"fnMap":{"0":{"name":"createJwtForUser","decl":{"start":{"line":11,"column":9},"end":{"line":11,"column":25}},"loc":{"start":{"line":11,"column":32},"end":{"line":22,"column":1}},"line":11},"1":{"name":"(anonymous_1)","decl":{"start":{"line":25,"column":30},"end":{"line":25,"column":31}},"loc":{"start":{"line":25,"column":50},"end":{"line":31,"column":1}},"line":25},"2":{"name":"(anonymous_2)","decl":{"start":{"line":34,"column":27},"end":{"line":34,"column":28}},"loc":{"start":{"line":34,"column":47},"end":{"line":40,"column":1}},"line":34},"3":{"name":"(anonymous_3)","decl":{"start":{"line":43,"column":23},"end":{"line":43,"column":24}},"loc":{"start":{"line":43,"column":43},"end":{"line":106,"column":1}},"line":43},"4":{"name":"(anonymous_4)","decl":{"start":{"line":109,"column":22},"end":{"line":109,"column":23}},"loc":{"start":{"line":109,"column":42},"end":{"line":160,"column":1}},"line":109},"5":{"name":"(anonymous_5)","decl":{"start":{"line":163,"column":32},"end":{"line":163,"column":33}},"loc":{"start":{"line":163,"column":52},"end":{"line":187,"column":1}},"line":163},"6":{"name":"(anonymous_6)","decl":{"start":{"line":190,"column":31},"end":{"line":190,"column":32}},"loc":{"start":{"line":190,"column":51},"end":{"line":215,"column":1}},"line":190}},"branchMap":{"0":{"loc":{"start":{"line":27,"column":2},"end":{"line":27,"column":77}},"type":"if","locations":[{"start":{"line":27,"column":2},"end":{"line":27,"column":77}},{"start":{},"end":{}}],"line":27},"1":{"loc":{"start":{"line":36,"column":2},"end":{"line":36,"column":71}},"type":"if","locations":[{"start":{"line":36,"column":2},"end":{"line":36,"column":71}},{"start":{},"end":{}}],"line":36},"2":{"loc":{"start":{"line":47,"column":4},"end":{"line":49,"column":5}},"type":"if","locations":[{"start":{"line":47,"column":4},"end":{"line":49,"column":5}},{"start":{},"end":{}}],"line":47},"3":{"loc":{"start":{"line":47,"column":8},"end":{"line":47,"column":49}},"type":"binary-expr","locations":[{"start":{"line":47,"column":8},"end":{"line":47,"column":13}},{"start":{"line":47,"column":17},"end":{"line":47,"column":26}},{"start":{"line":47,"column":30},"end":{"line":47,"column":36}},{"start":{"line":47,"column":40},"end":{"line":47,"column":49}}],"line":47},"4":{"loc":{"start":{"line":53,"column":4},"end":{"line":55,"column":5}},"type":"if","locations":[{"start":{"line":53,"column":4},"end":{"line":55,"column":5}},{"start":{},"end":{}}],"line":53},"5":{"loc":{"start":{"line":62,"column":4},"end":{"line":64,"column":5}},"type":"if","locations":[{"start":{"line":62,"column":4},"end":{"line":64,"column":5}},{"start":{},"end":{}}],"line":62},"6":{"loc":{"start":{"line":62,"column":8},"end":{"line":62,"column":51}},"type":"binary-expr","locations":[{"start":{"line":62,"column":8},"end":{"line":62,"column":27}},{"start":{"line":62,"column":31},"end":{"line":62,"column":51}}],"line":62},"7":{"loc":{"start":{"line":65,"column":4},"end":{"line":67,"column":5}},"type":"if","locations":[{"start":{"line":65,"column":4},"end":{"line":67,"column":5}},{"start":{},"end":{}}],"line":65},"8":{"loc":{"start":{"line":68,"column":4},"end":{"line":70,"column":5}},"type":"if","locations":[{"start":{"line":68,"column":4},"end":{"line":70,"column":5}},{"start":{},"end":{}}],"line":68},"9":{"loc":{"start":{"line":74,"column":4},"end":{"line":74,"column":86}},"type":"if","locations":[{"start":{"line":74,"column":4},"end":{"line":74,"column":86}},{"start":{},"end":{}}],"line":74},"10":{"loc":{"start":{"line":77,"column":4},"end":{"line":77,"column":87}},"type":"if","locations":[{"start":{"line":77,"column":4},"end":{"line":77,"column":87}},{"start":{},"end":{}}],"line":77},"11":{"loc":{"start":{"line":90,"column":13},"end":{"line":90,"column":39}},"type":"cond-expr","locations":[{"start":{"line":90,"column":19},"end":{"line":90,"column":32}},{"start":{"line":90,"column":35},"end":{"line":90,"column":39}}],"line":90},"12":{"loc":{"start":{"line":91,"column":24},"end":{"line":91,"column":51}},"type":"binary-expr","locations":[{"start":{"line":91,"column":24},"end":{"line":91,"column":38}},{"start":{"line":91,"column":42},"end":{"line":91,"column":51}}],"line":91},"13":{"loc":{"start":{"line":92,"column":16},"end":{"line":92,"column":87}},"type":"binary-expr","locations":[{"start":{"line":92,"column":16},"end":{"line":92,"column":22}},{"start":{"line":92,"column":26},"end":{"line":92,"column":87}}],"line":92},"14":{"loc":{"start":{"line":112,"column":4},"end":{"line":112,"column":107}},"type":"if","locations":[{"start":{"line":112,"column":4},"end":{"line":112,"column":107}},{"start":{},"end":{}}],"line":112},"15":{"loc":{"start":{"line":112,"column":8},"end":{"line":112,"column":32}},"type":"binary-expr","locations":[{"start":{"line":112,"column":8},"end":{"line":112,"column":19}},{"start":{"line":112,"column":23},"end":{"line":112,"column":32}}],"line":112},"16":{"loc":{"start":{"line":116,"column":4},"end":{"line":120,"column":5}},"type":"if","locations":[{"start":{"line":116,"column":4},"end":{"line":120,"column":5}},{"start":{},"end":{}}],"line":116},"17":{"loc":{"start":{"line":131,"column":4},"end":{"line":134,"column":5}},"type":"if","locations":[{"start":{"line":131,"column":4},"end":{"line":134,"column":5}},{"start":{},"end":{}}],"line":131},"18":{"loc":{"start":{"line":131,"column":8},"end":{"line":131,"column":35}},"type":"binary-expr","locations":[{"start":{"line":131,"column":8},"end":{"line":131,"column":13}},{"start":{"line":131,"column":17},"end":{"line":131,"column":35}}],"line":131},"19":{"loc":{"start":{"line":137,"column":4},"end":{"line":139,"column":5}},"type":"if","locations":[{"start":{"line":137,"column":4},"end":{"line":139,"column":5}},{"start":{},"end":{}}],"line":137},"20":{"loc":{"start":{"line":142,"column":4},"end":{"line":145,"column":5}},"type":"if","locations":[{"start":{"line":142,"column":4},"end":{"line":145,"column":5}},{"start":{},"end":{}}],"line":142},"21":{"loc":{"start":{"line":166,"column":4},"end":{"line":166,"column":73}},"type":"if","locations":[{"start":{"line":166,"column":4},"end":{"line":166,"column":73}},{"start":{},"end":{}}],"line":166},"22":{"loc":{"start":{"line":169,"column":4},"end":{"line":169,"column":72}},"type":"if","locations":[{"start":{"line":169,"column":4},"end":{"line":169,"column":72}},{"start":{},"end":{}}],"line":169},"23":{"loc":{"start":{"line":180,"column":4},"end":{"line":180,"column":82}},"type":"if","locations":[{"start":{"line":180,"column":4},"end":{"line":180,"column":82}},{"start":{},"end":{}}],"line":180},"24":{"loc":{"start":{"line":193,"column":4},"end":{"line":193,"column":97}},"type":"if","locations":[{"start":{"line":193,"column":4},"end":{"line":193,"column":97}},{"start":{},"end":{}}],"line":193},"25":{"loc":{"start":{"line":193,"column":8},"end":{"line":193,"column":38}},"type":"binary-expr","locations":[{"start":{"line":193,"column":8},"end":{"line":193,"column":14}},{"start":{"line":193,"column":18},"end":{"line":193,"column":22}},{"start":{"line":193,"column":26},"end":{"line":193,"column":38}}],"line":193},"26":{"loc":{"start":{"line":196,"column":4},"end":{"line":198,"column":5}},"type":"if","locations":[{"start":{"line":196,"column":4},"end":{"line":198,"column":5}},{"start":{},"end":{}}],"line":196},"27":{"loc":{"start":{"line":196,"column":8},"end":{"line":196,"column":65}},"type":"binary-expr","locations":[{"start":{"line":196,"column":8},"end":{"line":196,"column":13}},{"start":{"line":196,"column":17},"end":{"line":196,"column":33}},{"start":{"line":196,"column":37},"end":{"line":196,"column":65}}],"line":196}},"s":{"0":1,"1":1,"2":1,"3":1,"4":1,"5":1,"6":1,"7":1,"8":0,"9":1,"10":0,"11":0,"12":0,"13":0,"14":0,"15":1,"16":0,"17":0,"18":0,"19":0,"20":0,"21":1,"22":3,"23":3,"24":3,"25":3,"26":0,"27":0,"28":0,"29":0,"30":0,"31":0,"32":0,"33":0,"34":0,"35":0,"36":0,"37":0,"38":0,"39":0,"40":0,"41":0,"42":0,"43":0,"44":0,"45":0,"46":0,"47":0,"48":1,"49":3,"50":3,"51":3,"52":3,"53":0,"54":0,"55":0,"56":0,"57":0,"58":0,"59":0,"60":0,"61":0,"62":0,"63":0,"64":0,"65":0,"66":0,"67":0,"68":0,"69":0,"70":0,"71":1,"72":0,"73":0,"74":0,"75":0,"76":0,"77":0,"78":0,"79":0,"80":0,"81":0,"82":0,"83":0,"84":0,"85":0,"86":0,"87":0,"88":1,"89":0,"90":0,"91":0,"92":0,"93":0,"94":0,"95":0,"96":0,"97":0,"98":0,"99":0,"100":0,"101":1},"f":{"0":0,"1":0,"2":0,"3":3,"4":3,"5":0,"6":0},"b":{"0":[0,0],"1":[0,0],"2":[3,0],"3":[3,2,0,0],"4":[0,0],"5":[0,0],"6":[0,0],"7":[0,0],"8":[0,0],"9":[0,0],"10":[0,0],"11":[0,0],"12":[0,0],"13":[0,0],"14":[3,0],"15":[3,0],"16":[0,0],"17":[0,0],"18":[0,0],"19":[0,0],"20":[0,0],"21":[0,0],"22":[0,0],"23":[0,0],"24":[0,0],"25":[0,0,0],"26":[0,0],"27":[0,0,0]},"_coverageSchema":"1a1c01bbd47fc00a2c39e90264f33305004495a9","hash":"3e79c21a5d815da881dff1cd397a000d3c4a71ae"}
,"C:\\Users\\maury\\OneDrive\\Desktop\\sam\\Backend\\routes\\billing.js": {"path":"C:\\Users\\maury\\OneDrive\\Desktop\\sam\\Backend\\routes\\billing.js","statementMap":{"0":{"start":{"line":1,"column":16},"end":{"line":1,"column":34}},"1":{"start":{"line":2,"column":16},"end":{"line":2,"column":32}},"2":{"start":{"line":3,"column":17},"end":{"line":3,"column":36}},"3":{"start":{"line":4,"column":17},"end":{"line":4,"column":34}},"4":{"start":{"line":5,"column":17},"end":{"line":5,"column":42}},"5":{"start":{"line":6,"column":82},"end":{"line":6,"column":115}},"6":{"start":{"line":12,"column":4},"end":{"line":12,"column":39}},"7":{"start":{"line":15,"column":11},"end":{"line":15,"column":15}},"8":{"start":{"line":17,"column":2},"end":{"line":17,"column":24}},"9":{"start":{"line":17,"column":12},"end":{"line":17,"column":24}},"10":{"start":{"line":18,"column":2},"end":{"line":20,"column":3}},"11":{"start":{"line":19,"column":4},"end":{"line":19,"column":76}},"12":{"start":{"line":21,"column":2},"end":{"line":24,"column":5}},"13":{"start":{"line":25,"column":2},"end":{"line":25,"column":14}},"14":{"start":{"line":29,"column":28},"end":{"line":33,"column":1}},"15":{"start":{"line":35,"column":29},"end":{"line":40,"column":1}},"16":{"start":{"line":44,"column":2},"end":{"line":47,"column":30}},"17":{"start":{"line":45,"column":16},"end":{"line":45,"column":72}},"18":{"start":{"line":46,"column":4},"end":{"line":46,"column":38}},"19":{"start":{"line":47,"column":12},"end":{"line":47,"column":28}},"20":{"start":{"line":49,"column":34},"end":{"line":49,"column":91}},"21":{"start":{"line":50,"column":34},"end":{"line":50,"column":92}},"22":{"start":{"line":54,"column":12},"end":{"line":54,"column":22}},"23":{"start":{"line":55,"column":2},"end":{"line":56,"column":58}},"24":{"start":{"line":55,"column":29},"end":{"line":55,"column":64}},"25":{"start":{"line":56,"column":29},"end":{"line":56,"column":58}},"26":{"start":{"line":57,"column":2},"end":{"line":57,"column":11}},"27":{"start":{"line":64,"column":21},"end":{"line":64,"column":98}},"28":{"start":{"line":65,"column":21},"end":{"line":65,"column":46}},"29":{"start":{"line":66,"column":21},"end":{"line":66,"column":45}},"30":{"start":{"line":68,"column":2},"end":{"line":79,"column":3}},"31":{"start":{"line":69,"column":4},"end":{"line":78,"column":5}},"32":{"start":{"line":70,"column":27},"end":{"line":70,"column":72}},"33":{"start":{"line":71,"column":29},"end":{"line":71,"column":61}},"34":{"start":{"line":72,"column":6},"end":{"line":74,"column":7}},"35":{"start":{"line":73,"column":8},"end":{"line":73,"column":33}},"36":{"start":{"line":75,"column":6},"end":{"line":75,"column":118}},"37":{"start":{"line":77,"column":6},"end":{"line":77,"column":125}},"38":{"start":{"line":82,"column":18},"end":{"line":91,"column":4}},"39":{"start":{"line":94,"column":2},"end":{"line":98,"column":5}},"40":{"start":{"line":100,"column":2},"end":{"line":100,"column":20}},"41":{"start":{"line":104,"column":0},"end":{"line":115,"column":3}},"42":{"start":{"line":105,"column":2},"end":{"line":114,"column":3}},"43":{"start":{"line":106,"column":19},"end":{"line":106,"column":40}},"44":{"start":{"line":107,"column":19},"end":{"line":107,"column":41}},"45":{"start":{"line":108,"column":4},"end":{"line":111,"column":7}},"46":{"start":{"line":113,"column":4},"end":{"line":113,"column":103}},"47":{"start":{"line":118,"column":0},"end":{"line":144,"column":3}},"48":{"start":{"line":119,"column":2},"end":{"line":143,"column":3}},"49":{"start":{"line":120,"column":19},"end":{"line":120,"column":30}},"50":{"start":{"line":121,"column":19},"end":{"line":121,"column":49}},"51":{"start":{"line":122,"column":19},"end":{"line":122,"column":78}},"52":{"start":{"line":123,"column":19},"end":{"line":123,"column":76}},"53":{"start":{"line":124,"column":19},"end":{"line":124,"column":59}},"54":{"start":{"line":126,"column":4},"end":{"line":139,"column":7}},"55":{"start":{"line":141,"column":4},"end":{"line":141,"column":50}},"56":{"start":{"line":142,"column":4},"end":{"line":142,"column":69}},"57":{"start":{"line":148,"column":0},"end":{"line":190,"column":3}},"58":{"start":{"line":149,"column":2},"end":{"line":189,"column":3}},"59":{"start":{"line":150,"column":31},"end":{"line":150,"column":39}},"60":{"start":{"line":151,"column":4},"end":{"line":153,"column":5}},"61":{"start":{"line":152,"column":6},"end":{"line":152,"column":61}},"62":{"start":{"line":155,"column":23},"end":{"line":155,"column":44}},"63":{"start":{"line":156,"column":23},"end":{"line":156,"column":87}},"64":{"start":{"line":157,"column":4},"end":{"line":157,"column":81}},"65":{"start":{"line":157,"column":17},"end":{"line":157,"column":81}},"66":{"start":{"line":159,"column":23},"end":{"line":159,"column":76}},"67":{"start":{"line":160,"column":23},"end":{"line":160,"column":55}},"68":{"start":{"line":162,"column":25},"end":{"line":174,"column":6}},"69":{"start":{"line":178,"column":4},"end":{"line":185,"column":7}},"70":{"start":{"line":187,"column":4},"end":{"line":187,"column":63}},"71":{"start":{"line":188,"column":4},"end":{"line":188,"column":85}},"72":{"start":{"line":193,"column":0},"end":{"line":258,"column":3}},"73":{"start":{"line":194,"column":2},"end":{"line":257,"column":3}},"74":{"start":{"line":201,"column":8},"end":{"line":201,"column":16}},"75":{"start":{"line":202,"column":19},"end":{"line":202,"column":30}},"76":{"start":{"line":205,"column":24},"end":{"line":208,"column":20}},"77":{"start":{"line":210,"column":4},"end":{"line":212,"column":5}},"78":{"start":{"line":211,"column":6},"end":{"line":211,"column":98}},"79":{"start":{"line":215,"column":22},"end":{"line":215,"column":58}},"80":{"start":{"line":217,"column":4},"end":{"line":234,"column":7}},"81":{"start":{"line":237,"column":27},"end":{"line":237,"column":63}},"82":{"start":{"line":238,"column":4},"end":{"line":242,"column":7}},"83":{"start":{"line":245,"column":4},"end":{"line":245,"column":102}},"84":{"start":{"line":247,"column":4},"end":{"line":253,"column":7}},"85":{"start":{"line":255,"column":4},"end":{"line":255,"column":63}},"86":{"start":{"line":256,"column":4},"end":{"line":256,"column":69}},"87":{"start":{"line":262,"column":0},"end":{"line":318,"column":3}},"88":{"start":{"line":263,"column":2},"end":{"line":317,"column":3}},"89":{"start":{"line":264,"column":28},"end":{"line":264,"column":36}},"90":{"start":{"line":265,"column":28},"end":{"line":265,"column":39}},"91":{"start":{"line":267,"column":4},"end":{"line":267,"column":92}},"92":{"start":{"line":267,"column":22},"end":{"line":267,"column":92}},"93":{"start":{"line":269,"column":24},"end":{"line":269,"column":46}},"94":{"start":{"line":271,"column":4},"end":{"line":273,"column":5}},"95":{"start":{"line":272,"column":6},"end":{"line":272,"column":111}},"96":{"start":{"line":275,"column":4},"end":{"line":278,"column":5}},"97":{"start":{"line":276,"column":23},"end":{"line":276,"column":86}},"98":{"start":{"line":277,"column":6},"end":{"line":277,"column":130}},"99":{"start":{"line":277,"column":20},"end":{"line":277,"column":130}},"100":{"start":{"line":280,"column":24},"end":{"line":280,"column":83}},"101":{"start":{"line":281,"column":4},"end":{"line":283,"column":5}},"102":{"start":{"line":282,"column":6},"end":{"line":282,"column":112}},"103":{"start":{"line":285,"column":23},"end":{"line":285,"column":48}},"104":{"start":{"line":286,"column":23},"end":{"line":286,"column":44}},"105":{"start":{"line":287,"column":23},"end":{"line":287,"column":59}},"106":{"start":{"line":289,"column":18},"end":{"line":302,"column":6}},"107":{"start":{"line":304,"column":4},"end":{"line":313,"column":7}},"108":{"start":{"line":315,"column":4},"end":{"line":315,"column":64}},"109":{"start":{"line":316,"column":4},"end":{"line":316,"column":86}},"110":{"start":{"line":321,"column":0},"end":{"line":434,"column":3}},"111":{"start":{"line":322,"column":2},"end":{"line":433,"column":3}},"112":{"start":{"line":323,"column":88},"end":{"line":323,"column":96}},"113":{"start":{"line":324,"column":19},"end":{"line":324,"column":30}},"114":{"start":{"line":326,"column":24},"end":{"line":329,"column":20}},"115":{"start":{"line":331,"column":4},"end":{"line":333,"column":5}},"116":{"start":{"line":332,"column":6},"end":{"line":332,"column":98}},"117":{"start":{"line":335,"column":25},"end":{"line":335,"column":47}},"118":{"start":{"line":336,"column":25},"end":{"line":336,"column":53}},"119":{"start":{"line":337,"column":25},"end":{"line":337,"column":55}},"120":{"start":{"line":339,"column":21},"end":{"line":339,"column":31}},"121":{"start":{"line":340,"column":4},"end":{"line":340,"column":56}},"122":{"start":{"line":342,"column":4},"end":{"line":348,"column":5}},"123":{"start":{"line":343,"column":6},"end":{"line":347,"column":9}},"124":{"start":{"line":350,"column":4},"end":{"line":366,"column":7}},"125":{"start":{"line":369,"column":4},"end":{"line":373,"column":7}},"126":{"start":{"line":376,"column":27},"end":{"line":376,"column":32}},"127":{"start":{"line":377,"column":27},"end":{"line":377,"column":31}},"128":{"start":{"line":378,"column":4},"end":{"line":417,"column":5}},"129":{"start":{"line":379,"column":25},"end":{"line":379,"column":46}},"130":{"start":{"line":380,"column":25},"end":{"line":380,"column":61}},"131":{"start":{"line":381,"column":25},"end":{"line":381,"column":88}},"132":{"start":{"line":383,"column":22},"end":{"line":383,"column":67}},"133":{"start":{"line":385,"column":24},"end":{"line":392,"column":8}},"134":{"start":{"line":394,"column":6},"end":{"line":394,"column":33}},"135":{"start":{"line":395,"column":6},"end":{"line":398,"column":9}},"136":{"start":{"line":400,"column":6},"end":{"line":400,"column":30}},"137":{"start":{"line":403,"column":6},"end":{"line":403,"column":102}},"138":{"start":{"line":405,"column":6},"end":{"line":416,"column":7}},"139":{"start":{"line":406,"column":33},"end":{"line":406,"column":68}},"140":{"start":{"line":408,"column":27},"end":{"line":408,"column":48}},"141":{"start":{"line":409,"column":8},"end":{"line":415,"column":29}},"142":{"start":{"line":420,"column":4},"end":{"line":420,"column":110}},"143":{"start":{"line":422,"column":4},"end":{"line":429,"column":7}},"144":{"start":{"line":431,"column":4},"end":{"line":431,"column":64}},"145":{"start":{"line":432,"column":4},"end":{"line":432,"column":64}},"146":{"start":{"line":437,"column":0},"end":{"line":444,"column":3}},"147":{"start":{"line":438,"column":2},"end":{"line":443,"column":62}},"148":{"start":{"line":439,"column":28},"end":{"line":439,"column":36}},"149":{"start":{"line":440,"column":4},"end":{"line":440,"column":55}},"150":{"start":{"line":440,"column":22},"end":{"line":440,"column":55}},"151":{"start":{"line":441,"column":21},"end":{"line":441,"column":84}},"152":{"start":{"line":442,"column":4},"end":{"line":442,"column":35}},"153":{"start":{"line":443,"column":12},"end":{"line":443,"column":60}},"154":{"start":{"line":447,"column":0},"end":{"line":478,"column":3}},"155":{"start":{"line":448,"column":2},"end":{"line":477,"column":3}},"156":{"start":{"line":449,"column":19},"end":{"line":449,"column":30}},"157":{"start":{"line":450,"column":19},"end":{"line":450,"column":78}},"158":{"start":{"line":451,"column":4},"end":{"line":451,"column":79}},"159":{"start":{"line":451,"column":14},"end":{"line":451,"column":79}},"160":{"start":{"line":453,"column":4},"end":{"line":459,"column":5}},"161":{"start":{"line":454,"column":6},"end":{"line":458,"column":7}},"162":{"start":{"line":455,"column":8},"end":{"line":455,"column":91}},"163":{"start":{"line":457,"column":8},"end":{"line":457,"column":74}},"164":{"start":{"line":461,"column":4},"end":{"line":464,"column":7}},"165":{"start":{"line":467,"column":4},"end":{"line":467,"column":104}},"166":{"start":{"line":469,"column":4},"end":{"line":473,"column":7}},"167":{"start":{"line":475,"column":4},"end":{"line":475,"column":50}},"168":{"start":{"line":476,"column":4},"end":{"line":476,"column":69}},"169":{"start":{"line":481,"column":0},"end":{"line":558,"column":3}},"170":{"start":{"line":482,"column":2},"end":{"line":557,"column":3}},"171":{"start":{"line":483,"column":22},"end":{"line":483,"column":57}},"172":{"start":{"line":484,"column":22},"end":{"line":484,"column":92}},"173":{"start":{"line":485,"column":22},"end":{"line":485,"column":91}},"174":{"start":{"line":487,"column":24},"end":{"line":487,"column":86}},"175":{"start":{"line":488,"column":4},"end":{"line":488,"column":103}},"176":{"start":{"line":488,"column":35},"end":{"line":488,"column":103}},"177":{"start":{"line":490,"column":18},"end":{"line":490,"column":34}},"178":{"start":{"line":491,"column":4},"end":{"line":491,"column":59}},"179":{"start":{"line":493,"column":4},"end":{"line":551,"column":5}},"180":{"start":{"line":494,"column":24},"end":{"line":494,"column":59}},"181":{"start":{"line":495,"column":24},"end":{"line":495,"column":37}},"182":{"start":{"line":496,"column":6},"end":{"line":506,"column":7}},"183":{"start":{"line":497,"column":25},"end":{"line":497,"column":47}},"184":{"start":{"line":498,"column":25},"end":{"line":498,"column":52}},"185":{"start":{"line":500,"column":26},"end":{"line":500,"column":49}},"186":{"start":{"line":502,"column":8},"end":{"line":505,"column":11}},"187":{"start":{"line":507,"column":11},"end":{"line":551,"column":5}},"188":{"start":{"line":509,"column":24},"end":{"line":509,"column":59}},"189":{"start":{"line":510,"column":24},"end":{"line":510,"column":37}},"190":{"start":{"line":511,"column":6},"end":{"line":521,"column":7}},"191":{"start":{"line":512,"column":25},"end":{"line":512,"column":47}},"192":{"start":{"line":513,"column":25},"end":{"line":513,"column":52}},"193":{"start":{"line":515,"column":26},"end":{"line":515,"column":49}},"194":{"start":{"line":517,"column":8},"end":{"line":520,"column":11}},"195":{"start":{"line":522,"column":11},"end":{"line":551,"column":5}},"196":{"start":{"line":523,"column":20},"end":{"line":523,"column":59}},"197":{"start":{"line":524,"column":6},"end":{"line":535,"column":7}},"198":{"start":{"line":525,"column":8},"end":{"line":528,"column":11}},"199":{"start":{"line":531,"column":20},"end":{"line":531,"column":117}},"200":{"start":{"line":532,"column":8},"end":{"line":534,"column":9}},"201":{"start":{"line":533,"column":10},"end":{"line":533,"column":110}},"202":{"start":{"line":536,"column":11},"end":{"line":551,"column":5}},"203":{"start":{"line":538,"column":20},"end":{"line":538,"column":59}},"204":{"start":{"line":539,"column":6},"end":{"line":550,"column":7}},"205":{"start":{"line":540,"column":8},"end":{"line":543,"column":11}},"206":{"start":{"line":546,"column":20},"end":{"line":546,"column":117}},"207":{"start":{"line":547,"column":8},"end":{"line":549,"column":9}},"208":{"start":{"line":548,"column":10},"end":{"line":548,"column":80}},"209":{"start":{"line":553,"column":4},"end":{"line":553,"column":31}},"210":{"start":{"line":555,"column":4},"end":{"line":555,"column":51}},"211":{"start":{"line":556,"column":4},"end":{"line":556,"column":65}},"212":{"start":{"line":562,"column":0},"end":{"line":568,"column":3}},"213":{"start":{"line":563,"column":2},"end":{"line":567,"column":5}},"214":{"start":{"line":570,"column":0},"end":{"line":570,"column":24}}},"fnMap":{"0":{"name":"getRzp","decl":{"start":{"line":16,"column":9},"end":{"line":16,"column":15}},"loc":{"start":{"line":16,"column":18},"end":{"line":26,"column":1}},"line":16},"1":{"name":"getConfigKey","decl":{"start":{"line":43,"column":15},"end":{"line":43,"column":27}},"loc":{"start":{"line":43,"column":43},"end":{"line":48,"column":1}},"line":43},"2":{"name":"getPlanPrices","decl":{"start":{"line":49,"column":15},"end":{"line":49,"column":28}},"loc":{"start":{"line":49,"column":32},"end":{"line":49,"column":94}},"line":49},"3":{"name":"getTrialConfig","decl":{"start":{"line":50,"column":15},"end":{"line":50,"column":29}},"loc":{"start":{"line":50,"column":32},"end":{"line":50,"column":94}},"line":50},"4":{"name":"calcPeriodEnd","decl":{"start":{"line":53,"column":9},"end":{"line":53,"column":22}},"loc":{"start":{"line":53,"column":33},"end":{"line":58,"column":1}},"line":53},"5":{"name":"getOrCreateRazorpayPlan","decl":{"start":{"line":63,"column":15},"end":{"line":63,"column":38}},"loc":{"start":{"line":63,"column":66},"end":{"line":101,"column":1}},"line":63},"6":{"name":"(anonymous_6)","decl":{"start":{"line":104,"column":27},"end":{"line":104,"column":28}},"loc":{"start":{"line":104,"column":47},"end":{"line":115,"column":1}},"line":104},"7":{"name":"(anonymous_7)","decl":{"start":{"line":118,"column":36},"end":{"line":118,"column":37}},"loc":{"start":{"line":118,"column":56},"end":{"line":144,"column":1}},"line":118},"8":{"name":"(anonymous_8)","decl":{"start":{"line":148,"column":50},"end":{"line":148,"column":51}},"loc":{"start":{"line":148,"column":70},"end":{"line":190,"column":1}},"line":148},"9":{"name":"(anonymous_9)","decl":{"start":{"line":193,"column":50},"end":{"line":193,"column":51}},"loc":{"start":{"line":193,"column":70},"end":{"line":258,"column":1}},"line":193},"10":{"name":"(anonymous_10)","decl":{"start":{"line":245,"column":92},"end":
[...]
2},"17":{"loc":{"start":{"line":142,"column":14},"end":{"line":142,"column":90}},"type":"binary-expr","locations":[{"start":{"line":142,"column":14},"end":{"line":142,"column":24}},{"start":{"line":142,"column":28},"end":{"line":142,"column":52}},{"start":{"line":142,"column":56},"end":{"line":142,"column":90}}],"line":142},"18":{"loc":{"start":{"line":147,"column":6},"end":{"line":150,"column":7}},"type":"if","locations":[{"start":{"line":147,"column":6},"end":{"line":150,"column":7}},{"start":{},"end":{}}],"line":147},"19":{"loc":{"start":{"line":165,"column":40},"end":{"line":165,"column":54}},"type":"default-arg","locations":[{"start":{"line":165,"column":52},"end":{"line":165,"column":54}}],"line":165},"20":{"loc":{"start":{"line":172,"column":4},"end":{"line":172,"column":39}},"type":"binary-expr","locations":[{"start":{"line":172,"column":4},"end":{"line":172,"column":12}},{"start":{"line":172,"column":16},"end":{"line":172,"column":39}}],"line":172},"21":{"loc":{"start":{"line":202,"column":4},"end":{"line":202,"column":72}},"type":"if","locations":[{"start":{"line":202,"column":4},"end":{"line":202,"column":72}},{"start":{},"end":{}}],"line":202},"22":{"loc":{"start":{"line":202,"column":8},"end":{"line":202,"column":34}},"type":"binary-expr","locations":[{"start":{"line":202,"column":8},"end":{"line":202,"column":20}},{"start":{"line":202,"column":24},"end":{"line":202,"column":34}}],"line":202},"23":{"loc":{"start":{"line":206,"column":24},"end":{"line":206,"column":69}},"type":"cond-expr","locations":[{"start":{"line":206,"column":53},"end":{"line":206,"column":64}},{"start":{"line":206,"column":67},"end":{"line":206,"column":69}}],"line":206},"24":{"loc":{"start":{"line":207,"column":24},"end":{"line":207,"column":70}},"type":"binary-expr","locations":[{"start":{"line":207,"column":24},"end":{"line":207,"column":38}},{"start":{"line":207,"column":51},"end":{"line":207,"column":70}}],"line":207},"25":{"loc":{"start":{"line":208,"column":24},"end":{"line":208,"column":60}},"type":"binary-expr","locations":[{"start":{"line":208,"column":24},"end":{"line":208,"column":41}},{"start":{"line":208,"column":52},"end":{"line":208,"column":60}}],"line":208},"26":{"loc":{"start":{"line":209,"column":24},"end":{"line":209,"column":53}},"type":"binary-expr","locations":[{"start":{"line":209,"column":24},"end":{"line":209,"column":47}},{"start":{"line":209,"column":52},"end":{"line":209,"column":53}}],"line":209},"27":{"loc":{"start":{"line":210,"column":24},"end":{"line":210,"column":61}},"type":"binary-expr","locations":[{"start":{"line":210,"column":24},"end":{"line":210,"column":39}},{"start":{"line":210,"column":52},"end":{"line":210,"column":61}}],"line":210}},"s":{"0":0,"1":0,"2":0,"3":0,"4":0,"5":0,"6":0,"7":0,"8":0,"9":0,"10":0,"11":0,"12":0,"13":0,"14":0,"15":0,"16":0,"17":0,"18":0,"19":0,"20":0,"21":0,"22":0,"23":0,"24":0,"25":0,"26":0,"27":0,"28":0,"29":0,"30":0,"31":0,"32":0,"33":0,"34":0,"35":0,"36":0,"37":0,"38":0,"39":0,"40":0,"41":0,"42":0,"43":0,"44":0,"45":0,"46":0,"47":0,"48":0,"49":0,"50":0,"51":0,"52":0,"53":0,"54":0,"55":0,"56":0},"f":{"0":0,"1":0,"2":0,"3":0,"4":0},"b":{"0":[0],"1":[0],"2":[0],"3":[0],"4":[0],"5":[0],"6":[0],"7":[0,0],"8":[0,0],"9":[0,0],"10":[0],"11":[0,0],"12":[0,0],"13":[0,0],"14":[0,0],"15":[0,0],"16":[0,0],"17":[0,0,0],"18":[0,0],"19":[0],"20":[0,0],"21":[0,0],"22":[0,0],"23":[0,0],"24":[0,0],"25":[0,0],"26":[0,0],"27":[0,0]}}
,"C:\\Users\\maury\\OneDrive\\Desktop\\sam\\Backend\\services\\identity.js": {"path":"C:\\Users\\maury\\OneDrive\\Desktop\\sam\\Backend\\services\\identity.js","statementMap":{"0":{"start":{"line":1,"column":15},"end":{"line":1,"column":30}},"1":{"start":{"line":8,"column":20},"end":{"line":8,"column":82}},"2":{"start":{"line":9,"column":17},"end":{"line":9,"column":22}},"3":{"start":{"line":10,"column":17},"end":{"line":10,"column":26}},"4":{"start":{"line":11,"column":16},"end":{"line":11,"column":17}},"5":{"start":{"line":13,"column":2},"end":{"line":30,"column":3}},"6":{"start":{"line":14,"column":19},"end":{"line":14,"column":92}},"7":{"start":{"line":15,"column":22},"end":{"line":15,"column":62}},"8":{"start":{"line":17,"column":21},"end":{"line":19,"column":6}},"9":{"start":{"line":21,"column":4},"end":{"line":24,"column":5}},"10":{"start":{"line":22,"column":6},"end":{"line":22,"column":27}},"11":{"start":{"line":23,"column":6},"end":{"line":23,"column":22}},"12":{"start":{"line":25,"column":4},"end":{"line":25,"column":14}},"13":{"start":{"line":26,"column":4},"end":{"line":29,"column":5}},"14":{"start":{"line":27,"column":8},"end":{"line":27,"column":72}},"15":{"start":{"line":28,"column":8},"end":{"line":28,"column":24}},"16":{"start":{"line":32,"column":2},"end":{"line":32,"column":18}},"17":{"start":{"line":35,"column":0},"end":{"line":35,"column":44}}},"fnMap":{"0":{"name":"generateUniqueUsername","decl":{"start":{"line":7,"column":15},"end":{"line":7,"column":37}},"loc":{"start":{"line":7,"column":44},"end":{"line":33,"column":1}},"line":7}},"branchMap":{"0":{"loc":{"start":{"line":14,"column":19},"end":{"line":14,"column":92}},"type":"cond-expr","locations":[{"start":{"line":14,"column":35},"end":{"line":14,"column":37}},{"start":{"line":14,"column":40},"end":{"line":14,"column":92}}],"line":14},"1":{"loc":{"start":{"line":21,"column":4},"end":{"line":24,"column":5}},"type":"if","locations":[{"start":{"line":21,"column":4},"end":{"line":24,"column":5}},{"start":{},"end":{}}],"line":21},"2":{"loc":{"start":{"line":26,"column":4},"end":{"line":29,"column":5}},"type":"if","locations":[{"start":{"line":26,"column":4},"end":{"line":29,"column":5}},{"start":{},"end":{}}],"line":26}},"s":{"0":0,"1":0,"2":0,"3":0,"4":0,"5":0,"6":0,"7":0,"8":0,"9":0,"10":0,"11":0,"12":0,"13":0,"14":0,"15":0,"16":0,"17":0},"f":{"0":0},"b":{"0":[0,0],"1":[0,0],"2":[0,0]}}
,"C:\\Users\\maury\\OneDrive\\Desktop\\sam\\Backend\\services\\sessionStore.js": {"path":"C:\\Users\\maury\\OneDrive\\Desktop\\sam\\Backend\\services\\sessionStore.js","statementMap":{"0":{"start":{"line":15,"column":18},"end":{"line":15,"column":39}},"1":{"start":{"line":20,"column":4},"end":{"line":20,"column":30}},"2":{"start":{"line":21,"column":4},"end":{"line":21,"column":32}},"3":{"start":{"line":22,"column":4},"end":{"line":22,"column":33}},"4":{"start":{"line":23,"column":4},"end":{"line":23,"column":34}},"5":{"start":{"line":26,"column":4},"end":{"line":26,"column":53}},"6":{"start":{"line":26,"column":22},"end":{"line":26,"column":35}},"7":{"start":{"line":27,"column":4},"end":{"line":27,"column":96}},"8":{"start":{"line":31,"column":31},"end":{"line":31,"column":91}},"9":{"start":{"line":32,"column":31},"end":{"line":32,"column":69}},"10":{"start":{"line":33,"column":31},"end":{"line":33,"column":57}},"11":{"start":{"line":33,"column":58},"end":{"line":33,"column":86}},"12":{"start":{"line":34,"column":32},"end":{"line":34,"column":75}},"13":{"start":{"line":35,"column":31},"end":{"line":35,"column":61}},"14":{"start":{"line":38,"column":21},"end":{"line":38,"column":43}},"15":{"start":{"line":39,"column":4},"end":{"line":39,"column":92}},"16":{"start":{"line":39,"column":18},"end":{"line":39,"column":92}},"17":{"start":{"line":44,"column":4},"end":{"line":44,"column":64}},"18":{"start":{"line":44,"column":35},"end":{"line":44,"column":64}},"19":{"start":{"line":45,"column":17},"end":{"line":45,"column":41}},"20":{"start":{"line":46,"column":4},"end":{"line":46,"column":19}},"21":{"start":{"line":47,"column":4},"end":{"line":47,"column":40}},"22":{"start":{"line":47,"column":27},"end":{"line":47,"column":40}},"23":{"start":{"line":49,"column":24},"end":{"line":49,"column":62}},"24":{"start":{"line":53,"column":4},"end":{"line":53,"column":79}},"25":{"start":{"line":53,"column":39},"end":{"line":53,"column":79}},"26":{"start":{"line":54,"column":4},"end":{"line":54,"column":47}},"27":{"start":{"line":55,"column":4},"end":{"line":55,"column":44}},"28":{"start":{"line":58,"column":19},"end":{"line":58,"column":50}},"29":{"start":{"line":59,"column":4},"end":{"line":65,"column":5}},"30":{"start":{"line":60,"column":22},"end":{"line":60,"column":50}},"31":{"start":{"line":61,"column":6},"end":{"line":64,"column":7}},"32":{"start":{"line":62,"column":8},"end":{"line":62,"column":33}},"33":{"start":{"line":63,"column":8},"end":{"line":63,"column":64}},"34":{"start":{"line":63,"column":32},"end":{"line":63,"column":64}},"35":{"start":{"line":66,"column":4},"end":{"line":66,"column":39}},"36":{"start":{"line":67,"column":4},"end":{"line":67,"column":18}},"37":{"start":{"line":69,"column":25},"end":{"line":69,"column":102}},"38":{"start":{"line":70,"column":25},"end":{"line":70,"column":68}},"39":{"start":{"line":71,"column":31},"end":{"line":71,"column":78}},"40":{"start":{"line":75,"column":19},"end":{"line":75,"column":50}},"41":{"start":{"line":76,"column":4},"end":{"line":78,"column":5}},"42":{"start":{"line":77,"column":6},"end":{"line":77,"column":63}},"43":{"start":{"line":77,"column":39},"end":{"line":77,"column":63}},"44":{"start":{"line":89,"column":0},"end":{"line":95,"column":1}},"45":{"start":{"line":91,"column":2},"end":{"line":91,"column":105}},"46":{"start":{"line":92,"column":2},"end":{"line":92,"column":35}},"47":{"start":{"line":94,"column":2},"end":{"line":94,"column":35}},"48":{"start":{"line":97,"column":0},"end":{"line":97,"column":23}}},"fnMap":{"0":{"name":"(anonymous_0)","decl":{"start":{"line":19,"column":2},"end":{"line":19,"column":3}},"loc":{"start":{"line":19,"column":16},"end":{"line":28,"column":3}},"line":19},"1":{"name":"(anonymous_1)","decl":{"start":{"line":26,"column":16},"end":{"line":26,"column":17}},"loc":{"start":{"line":26,"column":22},"end":{"line":26,"column":35}},"line":26},"2":{"name":"(anonymous_2)","decl":{"start":{"line":31,"column":2},"end":{"line":31,"column":3}},"loc":{"start":{"line":31,"column":29},"end":{"line":31,"column":93}},"line":31},"3":{"name":"(anonymous_3)","decl":{"start":{"line":32,"column":2},"end":{"line":32,"column":3}},"loc":{"start":{"line":32,"column":29},"end":{"line":32,"column":71}},"line":32},"4":{"name":"(anonymous_4)","decl":{"start":{"line":33,"column":2},"end":{"line":33,"column":3}},"loc":{"start":{"line":33,"column":29},"end":{"line":33,"column":88}},"line":33},"5":{"name":"(anonymous_5)","decl":{"start":{"line":34,"column":2},"end":{"line":34,"column":3}},"loc":{"start":{"line":34,"column":30},"end":{"line":34,"column":77}},"line":34},"6":{"name":"(anonymous_6)","decl":{"start":{"line":35,"column":2},"end":{"line":35,"column":3}},"loc":{"start":{"line":35,"column":29},"end":{"line":35,"column":63}},"line":35},"7":{"name":"(anonymous_7)","decl":{"start":{"line":37,"column":2},"end":{"line":37,"column":3}},"loc":{"start":{"line":37,"column":28},"end":{"line":40,"column":3}},"line":37},"8":{"name":"(anonymous_8)","decl":{"start":{"line":43,"column":2},"end":{"line":43,"column":3}},"loc":{"start":{"line":43,"column":27},"end":{"line":48,"column":3}},"line":43},"9":{"name":"(anonymous_9)","decl":{"start":{"line":49,"column":2},"end":{"line":49,"column":3}},"loc":{"start":{"line":49,"column":22},"end":{"line":49,"column":64}},"line":49},"10":{"name":"(anonymous_10)","decl":{"start":{"line":52,"column":2},"end":{"line":52,"column":3}},"loc":{"start":{"line":52,"column":34},"end":{"line":56,"column":3}},"line":52},"11":{"name":"(anonymous_11)","decl":{"start":{"line":57,"column":2},"end":{"line":57,"column":3}},"loc":{"start":{"line":57,"column":27},"end":{"line":68,"column":3}},"line":57},"12":{"name":"(anonymous_12)","decl":{"start":{"line":69,"column":2},"end":{"line":69,"column":3}},"loc":{"start":{"line":69,"column":23},"end":{"line":69,"column":104}},"line":69},"13":{"name":"(anonymous_13)","decl":{"start":{"line":70,"column":2},"end":{"line":70,"column":3}},"loc":{"start":{"line":70,"column":23},"end":{"line":70,"column":70}},"line":70},"14":{"name":"(anonymous_14)","decl":{"start":{"line":71,"column":2},"end":{"line":71,"column":3}},"loc":{"start":{"line":71,"column":29},"end":{"line":71,"column":80}},"line":71},"15":{"name":"(anonymous_15)","decl":{"start":{"line":74,"column":2},"end":{"line":74,"column":3}},"loc":{"start":{"line":74,"column":11},"end":{"line":79,"column":3}},"line":74}},"branchMap":{"0":{"loc":{"start":{"line":32,"column":38},"end":{"line":32,"column":68}},"type":"binary-expr","locations":[{"start":{"line":32,"column":38},"end":{"line":32,"column":60}},{"start":{"line":32,"column":64},"end":{"line":32,"column":68}}],"line":32},"1":{"loc":{"start":{"line":39,"column":4},"end":{"line":39,"column":92}},"type":"if","locations":[{"start":{"line":39,"column":4},"end":{"line":39,"column":92}},{"start":{},"end":{}}],"line":39},"2":{"loc":{"start":{"line":44,"column":4},"end":{"line":44,"column":64}},"type":"if","locations":[{"start":{"line":44,"column":4},"end":{"line":44,"column":64}},{"start":{},"end":{}}],"line":44},"3":{"loc":{"start":{"line":47,"column":4},"end":{"line":47,"column":40}},"type":"if","locations":[{"start":{"line":47,"column":4},"end":{"line":47,"column":40}},{"start":{},"end":{}}],"line":47},"4":{"loc":{"start":{"line":49,"column":31},"end":{"line":49,"column":61}},"type":"binary-expr","locations":[{"start":{"line":49,"column":31},"end":{"line":49,"column":55}},{"start":{"line":49,"column":59},"end":{"line":49,"column":61}}],"line":49},"5":{"loc":{"start":{"line":53,"column":4},"end":{"line":53,"column":79}},"type":"if","locations":[{"start":{"line":53,"column":4},"end":{"line":53,"column":79}},{"start":{},"end":{}}],"line":53},"6":{"loc":{"start":{"line":59,"column":4},"end":{"line":65,"column":5}},"type":"if","locations":[{"start":{"line":59,"column":4},"end":{"line":65,"column":5}},{"start":{},"end":{}}],"line":59},"7":{"loc":{"start":{"line":61,"column":6},"end":{"line":64,"column":7}},"type":"if","locations":[{"start":{"line":61,"column":6},"end":{"line":64,"column":7}},{"start":{},"end":{}}],"line":61},"8":{"loc":{"start":{"line":63,"column":8},"end":{"line":63,"column":64}},"type":"if","locations":[{"start":{"line":63,"column":8},"end":{"line":63,"column":64}},{"start":{},"end":{}}],"line":63},"9":{"loc":{"start":{"line":69,"column":32},"end":{"line":69,"column":101}},"type":"binary-expr","locations":[{"start":{"line":69,"column":32},"end":{"line":69,"column":60}},{"start":{"line":69,"column":64},"end":{"line":69,"column":101}}],"line":69},"10":{"loc":{"start":{"line":71,"column":38},"end":{"line":71,"column":77}},"type":"binary-expr","locations":[{"start":{"line":71,"column":38},"end":{"line":71,"column":69}},{"start":{"line":71,"column":73},"end":{"line":71,"column":77}}],"line":71},"11":{"loc":{"start":{"line":77,"column":6},"end":{"line":77,"column":63}},"type":"if","locations":[{"start":{"line":77,"column":6},"end":{"line":77,"column":63}},{"start":{},"end":{}}],"line":77},"12":{"loc":{"start":{"line":89,"column":0},"end":{"line":95,"column":1}},"type":"if","locations":[{"start":{"line":89,"column":0},"end":{"line":95,"column":1}},{"start":{"line":93,"column":7},"end":{"line":95,"column":1}}],"line":89}},"s":{"0":0,"1":0,"2":0,"3":0,"4":0,"5":0,"6":0,"7":0,"8":0,"9":0,"10":0,"11":0,"12":0,"13":0,"14":0,"15":0,"16":0,"17":0,"18":0,"19":0,"20":0,"21":0,"22":0,"23":0,"24":0,"25":0,"26":0,"27":0,"28":0,"29":0,"30":0,"31":0,"32":0,"33":0,"34":0,"35":0,"36":0,"37":0,"38":0,"39":0,"40":0,"41":0,"42":0,"43":0,"44":0,"45":0,"46":0,"47":0,"48":0},"f":{"0":0,"1":0,"2":0,"3":0,"4":0,"5":0,"6":0,"7":0,"8":0,"9":0,"10":0,"11":0,"12":0,"13":0,"14":0,"15":0},"b":{"0":[0,0],"1":[0,0],"2":[0,0],"3":[0,0],"4":[0,0],"5":[0,0],"6":[0,0],"7":[0,0],"8":[0,0],"9":[0,0],"10":[0,0],"11":[0,0],"12":[0,0]}}
,"C:\\Users\\maury\\OneDrive\\Desktop\\sam\\Backend\\services\\validateEnv.js": {"path":"C:\\Users\\maury\\OneDrive\\Desktop\\sam\\Backend\\services\\validateEnv.js","statementMap":{"0":{"start":{"line":7,"column":17},"end":{"line":10,"column":1}},"1":{"start":{"line":12,"column":20},"end":{"line":23,"column":1}},"2":{"start":{"line":26,"column":19},"end":{"line":26,"column":21}},"3":{"start":{"line":27,"column":19},"end":{"line":27,"column":21}},"4":{"start":{"line":29,"column":2},"end":{"line":31,"column":3}},"5":{"start":{"line":30,"column":4},"end":{"line":30,"column":75}},"6":{"start":{"line":30,"column":27},"end":{"line":30,"column":75}},"7":{"start":{"line":33,"column":2},"end":{"line":35,"column":3}},"8":{"start":{"line":34,"column":4},"end":{"line":34,"column":79}},"9":{"start":{"line":34,"column":27},"end":{"line":34,"column":79}},"10":{"start":{"line":37,"column":15},"end":{"line":37,"column":29}},"11":{"start":{"line":38,"column":2},"end":{"line":46,"column":3}},"12":{"start":{"line":39,"column":4},"end":{"line":39,"column":31}},"13":{"start":{"line":40,"column":4},"end":{"line":40,"column":62}},"14":{"start":{"line":41,"column":4},"end":{"line":41,"column":24}},"15":{"start":{"line":42,"column":4},"end":{"line":42,"column":42}},"16":{"start":{"line":42,"column":24},"end":{"line":42,"column":40}},"17":{"start":{"line":43,"column":4},"end":{"line":43,"column":24}},"18":{"start":{"line":44,"column":4},"end":{"line":44,"column":75}},"19":{"start":{"line":45,"column":4},"end":{"line":45,"column":20}},"20":{"start":{"line":48,"column":2},"end":{"line":54,"column":3}},"21":{"start":{"line":49,"column":4},"end":{"line":49,"column":30}},"22":{"start":{"line":50,"column":4},"end":{"line":50,"column":62}},"23":{"start":{"line":51,"column":4},"end":{"line":51,"column":23}},"24":{"start":{"line":52,"column":4},"end":{"line":52,"column":43}},"25":{"start":{"line":52,"column":26},"end":{"line":52,"column":41}},"26":{"start":{"line":53,"column":4},"end":{"line":53,"column":30}},"27":{"start":{"line":57,"column":2},"end":{"line":59,"column":3}},"28":{"start":{"line":58,"column":4},"end":{"line":58,"column":96}},"29":{"start":{"line":61,"column":2},"end":{"line":61,"column":67}},"30":{"start":{"line":64,"column":0},"end":{"line":64,"column":33}}},"fnMap":{"0":{"name":"validateEnv","decl":{"start":{"line":25,"column":9},"end":{"line":25,"column":20}},"loc":{"start":{"line":25,"column":23},"end":{"line":62,"column":1}},"line":25},"1":{"name":"(anonymous_1)","decl":{"start":{"line":42,"column":19},"end":{"line":42,"column":20}},"loc":{"start":{"line":42,"column":24},"end":{"line":42,"column":40}},"line":42},"2":{"name":"(anonymous_2)","decl":{"start":{"line":52,"column":21},"end":{"line":52,"column":22}},"loc":{"start":{"line":52,"column":26},"end":{"line":52,"column":41}},"line":52}},"branchMap":{"0":{"loc":{"start":{"line":30,"column":4},"end":{"line":30,"column":75}},"type":"if","locations":[{"start":{"line":30,"column":4},"end":{"line":30,"column":75}},{"start":{},"end":{}}],"line":30},"1":{"loc":{"start":{"line":34,"column":4},"end":{"line":34,"column":79}},"type":"if","locations":[{"start":{"line":34,"column":4},"end":{"line":34,"column":79}},{"start":{},"end":{}}],"line":34},"2":{"loc":{"start":{"line":38,"column":2},"end":{"line":46,"column":3}},"type":"if","locations":[{"start":{"line":38,"column":2},"end":{"line":46,"column":3}},{"start":{},"end":{}}],"line":38},"3":{"loc":{"start":{"line":48,"column":2},"end":{"line":54,"column":3}},"type":"if","locations":[{"start":{"line":48,"column":2},"end":{"line":54,"column":3}},{"start":{},"end":{}}],"line":48},"4":{"loc":{"start":{"line":57,"column":2},"end":{"line":59,"column":3}},"type":"if","locations":[{"start":{"line":57,"column":2},"end":{"line":59,"column":3}},{"start":{},"end":{}}],"line":57},"5":{"loc":{"start":{"line":57,"column":6},"end":{"line":57,"column":66}},"type":"binary-expr","locations":[{"start":{"line":57,"column":6},"end":{"line":57,"column":28}},{"start":{"line":57,"column":32},"end":{"line":57,"column":66}}],"line":57}},"s":{"0":0,"1":0,"2":0,"3":0,"4":0,"5":0,"6":0,"7":0,"8":0,"9":0,"10":0,"11":0,"12":0,"13":0,"14":0,"15":0,"16":0,"17":0,"18":0,"19":0,"20":0,"21":0,"22":0,"23":0,"24":0,"25":0,"26":0,"27":0,"28":0,"29":0,"30":0},"f":{"0":0,"1":0,"2":0},"b":{"0":[0,0],"1":[0,0],"2":[0,0],"3":[0,0],"4":[0,0],"5":[0,0]}}
}
